<!doctype html>
<html>
<head>
<style>
</style>
</head>
<body>
<table>
    <tr>

<tr><td></td><td>niecza</td><td>rakudo.jvm</td><td>rakudo.moar</td><td>rakudo.parrot</td></tr>
<tr><td><h3>S02</h3></td></tr>
<tr><td>S02-lexical-conventions/bom.t</td><td>     3 skipped: Possible runaway string<br/>      1 skipped: Excess arguments to CORE eval<br/>      4 skipped: Opening bracket is required for #` comment<br/>      2 todo   : <br/></td><td></td><td></td><td></td></tr>
<tr><td>S02-lexical-conventions/unspace.t</td><td>     1 skipped: Unable to resolve method id in class Str<br/>      1 skipped: Unable to resolve method postcircumfix:<( )> in class Str<br/>      3 skipped: Invocant handling is NYI<br/></td><td>     3 skipped: indirect method calls<br/>      1 skipped: .++ does not work<br/>      4 skipped: =for pod not implemented (in STD.pm)<br/>      5 skipped: parse error<br/>      1 skipped: parse fail<br/>      1 skipped: unimplemented<br/>      3 skipped: pod and unspace<br/></td><td>     3 skipped: indirect method calls<br/>      1 skipped: .++ does not work<br/>      4 skipped: =for pod not implemented (in STD.pm)<br/>      5 skipped: parse error<br/>      1 skipped: parse fail<br/>      1 skipped: unimplemented<br/>      3 skipped: pod and unspace<br/></td><td>     3 skipped: indirect method calls<br/>      1 skipped: .++ does not work<br/>      4 skipped: =for pod not implemented (in STD.pm)<br/>      5 skipped: parse error<br/>      1 skipped: parse fail<br/>      1 skipped: unimplemented<br/>      3 skipped: pod and unspace<br/></td></tr>
<tr><td>S02-literals/array-interpolation.t</td><td>     7 skipped: Cannot use value like Capture as a Number<br/>      4 todo   : <br/></td><td></td><td></td><td></td></tr>
<tr><td>S02-literals/char-by-name.t</td><td>     1 skipped: Unrecognized character name LINE FEED<br/></td><td>     1 skipped: \c[LF] not valid<br/>      1 skipped: \c[LINE FEED] not valid<br/></td><td>     1 skipped: \c[LF] not valid<br/>      1 skipped: \c[LINE FEED] not valid<br/></td><td>     1 skipped: \c[LF] not valid<br/>      1 skipped: \c[LINE FEED] not valid<br/></td></tr>
<tr><td>S02-literals/char-by-number.t</td><td>     4 todo   : Detecting malformed escape sequences NYI<br/></td><td>     4 todo   : Detecting malformed escape sequences NYI<br/></td><td>     4 todo   : Detecting malformed escape sequences NYI<br/></td><td>     4 todo   : Detecting malformed escape sequences NYI<br/></td></tr>
<tr><td>S02-literals/hash-interpolation.t</td><td>     2 todo   : zen hash slice<br/></td><td></td><td></td><td></td></tr>
<tr><td>S02-literals/listquote-whitespace.t</td><td>     1 todo   : \xa0 should not be a separator for list quotes<br/>      1 skipped: Preceding context expects a term, but found infix , instead<br/>      1 skipped: |<<<br/>      3 skipped: Action method escape:sym<&> not yet implemented<br/>      1 todo   : No value for parameter \$index in postcircumfix:<{ }><br/></td><td>     1 todo   : \xa0 should not be a separator for list quotes<br/></td><td>     1 todo   : \xa0 should not be a separator for list quotes<br/></td><td>     1 todo   : \xa0 should not be a separator for list quotes<br/></td></tr>
<tr><td>S02-literals/numeric.t</td><td>     1 todo   : exactly rounded Str->Num without FatRat<br/></td><td></td><td></td><td></td></tr>
<tr><td>S02-literals/pairs.t</td><td>     1 skipped: Action method escape:sym<&> not yet implemented<br/>      2 todo   : <br/></td><td></td><td></td><td></td></tr>
<tr><td>S02-literals/quoting-unicode.t</td><td>     1 skipped: Parse failure<br/>      9 skipped: & escape, zen slices<br/>      2 skipped: & escape<br/>     19 todo   : <br/>      1 todo   : Weird quoting issue<br/>      2 todo   : :x<br/>      1 skipped: WTF?<br/>      4 skipped: :radix[] NYI<br/>      4 todo   : :radix() NYI<br/></td><td>     1 skipped: Parse failure<br/></td><td>     1 skipped: Parse failure<br/></td><td>     1 skipped: Parse failure<br/></td></tr>
<tr><td>S02-magicals/block.t</td><td>     1 skipped: infinite loop<br/>      2 todo   : <br/>      7 skipped: undefine and Exception NYI<br/>      2 todo   : <br/>      1 skipped: Action method statement_control:import not yet implemented<br/>      1 skipped: Cannot call is_run; none of these signatures match<br/>      1 todo   : :!exists<br/>      1 todo   : :delete<br/></td><td></td><td></td><td></td></tr>
<tr><td>S02-magicals/progname.t</td><td>     1 todo   : <br/></td><td></td><td></td><td></td></tr>
<tr><td>S02-names-vars/list_array_perl.t</td><td>     1 skipped: hanging test<br/>      1 todo   : <br/>      7 skipped: Undeclared name: Terrain::<br/>      4 skipped: Postconstraints, and shapes on variable declarators NYI<br/>      2 skipped: Object reference not set to an instance of an object<br/>      1 todo   : <br/></td><td>     2 skipped: recursive data structure<br/>      1 todo   : List.perl bug<br/></td><td>     2 skipped: recursive data structure<br/>      1 todo   : List.perl bug<br/></td><td>     2 skipped: recursive data structure<br/>      1 todo   : List.perl bug<br/></td></tr>
<tr><td>S02-names-vars/perl.t</td><td>     2 skipped: hanging test<br/>      4 skipped: >>>Stub code executed<br/>      6 skipped: Unhandled exception<br/>      3 skipped: Undeclared routine grtz<br/>      3 todo   : <br/>      8 todo   : System.NullReferenceException: Object reference not set to an instance of an object<br/>      2 todo   : <br/>     14 tests aborted (missing ok/not ok)<br/></td><td></td><td></td><td></td></tr>
<tr><td>S02-names/bare-sigil.t</td><td>     1 skipped: bare sigil % generates postcircumfix:<()> exception<br/>      2 skipped: ++(state $) yields (3, 3, 3) instead of (1, 2, 3)<br/>      1 todo   : strictness<br/></td><td></td><td></td><td></td></tr>
<tr><td>S02-names/our.t</td><td>     2 skipped: readonly<br/>      5 skipped: Object reference not set to an instance of an object<br/></td><td>     1 skipped: Null PMC access in invoke()<br/>      1 skipped: OUR::subname() does not work<br/>     19 skipped: CORE NYI<br/>      6 skipped: SETTING NYI<br/>     36 skipped: various issues, skipping all for now<br/>      4 skipped: the binding in here is NYI<br/>     23 skipped: various issues to resolve<br/>      1 todo   : GLOBAL and interpolation<br/>      2 todo   : binding and interpolation together NYI<br/>      1 todo   : interpolation and auto-viv NYI<br/>      2 todo   : these tests disagree with STD<br/>      2 todo   : not entirely sure these make sense...<br/></td><td>     1 skipped: Null PMC access in invoke()<br/>      1 skipped: OUR::subname() does not work<br/>     19 skipped: CORE NYI<br/>      6 skipped: SETTING NYI<br/>     36 skipped: various issues, skipping all for now<br/>      4 skipped: the binding in here is NYI<br/>     23 skipped: various issues to resolve<br/>      1 todo   : GLOBAL and interpolation<br/>      2 todo   : binding and interpolation together NYI<br/>      1 todo   : interpolation and auto-viv NYI<br/>      2 todo   : these tests disagree with STD<br/>      2 todo   : not entirely sure these make sense...<br/></td><td>     1 skipped: Null PMC access in invoke()<br/>      1 skipped: OUR::subname() does not work<br/>     19 skipped: CORE NYI<br/>      6 skipped: SETTING NYI<br/>     36 skipped: various issues, skipping all for now<br/>      4 skipped: the binding in here is NYI<br/>     23 skipped: various issues to resolve<br/>      1 todo   : GLOBAL and interpolation<br/>      2 todo   : binding and interpolation together NYI<br/>      1 todo   : interpolation and auto-viv NYI<br/>      2 todo   : these tests disagree with STD<br/>      2 todo   : not entirely sure these make sense...<br/></td></tr>
<tr><td>S02-types/anon_block.t</td><td>     4 skipped: No candidates for dispatch to mone<br/>      3 skipped: Exception NYI<br/>      1 skipped: Zen slices<br/>      3 skipped: Failure NYI<br/>      2 skipped: multi-dim arrays<br/>      2 skipped: coercion syntax<br/>      2 skipped: */.. interaction<br/>      1 skipped: WhateverCode/.. interaction<br/>      1 skipped: Cannot use value like WhateverCode as a number<br/>      8 skipped: throws_like<br/>      1 todo   : <br/>      1 todo   : type constraints<br/>      1 todo   : @arr[-1] returns undef<br/>      5 skipped: Unable to resolve method exists in class Array<br/>      1 todo   : min on list with undefined el ignores it<br/></td><td></td><td></td><td></td></tr>
<tr><td>S02-types/assigning-refs.t</td><td>     3 todo   : <br/>      5 skipped: Unable to resolve method push in type Any<br/>      2 todo   : https://github.com/sorear/niecza/issues/176<br/>      2 skipped: BagHash<br/>      3 skipped: Non-Str keys NYI<br/>      1 skipped: .grabpairs NYI<br/>      2 skipped: SetHash<br/>     11 skipped: .pickpairs NYI<br/>      1 skipped: .grab NYI<br/>      2 skipped: Unmatched key in Hash.LISTSTORE<br/>      4 todo   : Bag in Bag does not work correctly yet<br/>      1 todo   : Non-string bag elements NYI<br/>     24 skipped: Trait name not available on variables<br/>      3 skipped: Non-Str keys NYI<br/>     14 skipped: .grabpairs NYI<br/>     11 skipped: .pickpairs NYI<br/>     17 skipped: .grab NYI<br/>      2 skipped: Unmatched key in Hash.LISTSTORE<br/>      1 todo   : <br/>      1 todo   : Non-string bag elements NYI<br/></td><td>     3 todo   : non-flattening hash refs<br/></td><td>     3 todo   : non-flattening hash refs<br/></td><td>     3 todo   : non-flattening hash refs<br/></td></tr>
<tr><td>S02-types/catch_type_cast_mismatch.t</td><td>     1 skipped: Failure NYI<br/>      1 todo   : questionable test<br/></td><td>     1 todo   : die or fail?<br/></td><td>     1 todo   : die or fail?<br/></td><td>     1 todo   : die or fail?<br/></td></tr>
<tr><td>S02-types/declare.t</td><td>     1 skipped: Comparator not implemented<br/>      1 skipped: OrderingPair not implemented<br/>      1 skipped: Complex not type converted properly during assignment from Rat<br/>      1 skipped: utf8 not implemented<br/>      1 skipped: buf not implemented<br/>      1 skipped: Blob not implemented<br/>      1 skipped: QuantHash not implemented<br/>      1 skipped: Macro not implemented<br/>      1 skipped: int not implemented<br/>      1 skipped: No value for parameter $l in infix:<===><br/>      1 skipped: rat not implemented<br/>      1 skipped: bit not implemented<br/>      1 skipped: complex not implemented<br/>      1 skipped: Codepoint not implemented<br/>      1 skipped: Matcher not implemented<br/>      1 skipped: Char not implemented<br/>      1 skipped: junction not implemented<br/>      1 skipped: utf32 not implemented<br/>      1 skipped: AnyChar not implemented<br/>      1 skipped: Grapheme not implemented<br/>      1 skipped: Failure not implemented<br/>      1 skipped: CharLingua not implemented<br/>      1 skipped: Ordering not implemented<br/>      1 skipped: Bit not implemented<br/>      1 skipped: Buf NYI<br/>      1 skipped: StrPos not implemented<br/>      1 skipped: Duration not implemented<br/>      1 skipped: utf16 not implemented<br/>      1 skipped: KeyExtractor not implemented<br/>      1 skipped: SetHash<br/>      2 skipped: Coercive declarations NYI<br/>      1 skipped: No Module type yet<br/>      1 skipped: BagHash<br/>      1 skipped: num not implemented<br/>      1 skipped: Exception not implemented<br/>      1 skipped: StrLen not implemented<br/>      1 skipped: Byte not implemented<br/>      1 skipped: HyperWhatever not implemented<br/>      1 skipped: num16 not implemented<br/></td><td>     1 skipped: Comparator not implemented<br/>      1 skipped: Integral not implemented<br/>      1 skipped: Ordering not implemented<br/>      1 skipped: OrderingPair not implemented<br/>      1 skipped: Bit not implemented<br/>      1 skipped: buf not implemented<br/>      1 skipped: Complex not type converted properly during assignment from Num<br/>      1 skipped: StrPos not implemented<br/>      1 skipped: KeyExtractor not implemented<br/>      1 skipped: No Module type yet<br/>      1 skipped: rat not implemented<br/>      1 skipped: bit not implemented<br/>      1 skipped: Matcher isa not implemented<br/>      1 skipped: complex not implemented<br/>      1 skipped: num16  not implemented<br/>      1 skipped: Codepoint not implemented<br/>      1 skipped: StrLen not implemented<br/>      1 skipped: Char not implemented<br/>      1 skipped: Byte not implemented<br/>      1 skipped: junction not implemented<br/>      1 skipped: HyperWhatever not implemented<br/>      1 skipped: AnyChar not implemented<br/>      1 skipped: Grapheme not implemented<br/>      1 skipped: CharLingua not implemented<br/>      1 todo   : int not implemented<br/>      1 todo   : num not implemented<br/></td><td>     1 skipped: Comparator not implemented<br/>      1 skipped: Integral not implemented<br/>      1 skipped: Ordering not implemented<br/>      1 skipped: OrderingPair not implemented<br/>      1 skipped: Bit not implemented<br/>      1 skipped: buf not implemented<br/>      1 skipped: Complex not type converted properly during assignment from Num<br/>      1 skipped: StrPos not implemented<br/>      1 skipped: KeyExtractor not implemented<br/>      1 skipped: No Module type yet<br/>      1 skipped: rat not implemented<br/>      1 skipped: bit not implemented<br/>      1 skipped: Matcher isa not implemented<br/>      1 skipped: complex not implemented<br/>      1 skipped: num16  not implemented<br/>      1 skipped: Codepoint not implemented<br/>      1 skipped: StrLen not implemented<br/>      1 skipped: Char not implemented<br/>      1 skipped: Byte not implemented<br/>      1 skipped: junction not implemented<br/>      1 skipped: HyperWhatever not implemented<br/>      1 skipped: AnyChar not implemented<br/>      1 skipped: Grapheme not implemented<br/>      1 skipped: CharLingua not implemented<br/>      1 todo   : int not implemented<br/>      1 todo   : num not implemented<br/></td><td>     1 skipped: Comparator not implemented<br/>      1 skipped: Integral not implemented<br/>      1 skipped: Ordering not implemented<br/>      1 skipped: OrderingPair not implemented<br/>      1 skipped: Bit not implemented<br/>      1 skipped: buf not implemented<br/>      1 skipped: Complex not type converted properly during assignment from Num<br/>      1 skipped: StrPos not implemented<br/>      1 skipped: KeyExtractor not implemented<br/>      1 skipped: No Module type yet<br/>      1 skipped: rat not implemented<br/>      1 skipped: bit not implemented<br/>      1 skipped: Matcher isa not implemented<br/>      1 skipped: complex not implemented<br/>      1 skipped: num16  not implemented<br/>      1 skipped: Codepoint not implemented<br/>      1 skipped: StrLen not implemented<br/>      1 skipped: Char not implemented<br/>      1 skipped: Byte not implemented<br/>      1 skipped: junction not implemented<br/>      1 skipped: HyperWhatever not implemented<br/>      1 skipped: AnyChar not implemented<br/>      1 skipped: Grapheme not implemented<br/>      1 skipped: CharLingua not implemented<br/>      1 todo   : int not implemented<br/>      1 todo   : num not implemented<br/></td></tr>
<tr><td>S02-types/flattening.t</td><td>     1 skipped: Excess arguments to Hash.new, unused named a<br/>      1 skipped: Unsupported use of [-1] subscript to access from end of array<br/>      5 todo   : <br/></td><td>     1 todo   : auto-vivified binding does not work yet<br/></td><td>     1 todo   : auto-vivified binding does not work yet<br/></td><td>     1 todo   : auto-vivified binding does not work yet<br/></td></tr>
<tr><td>S02-types/hash_ref.t</td><td>     4 todo   : <br/></td><td></td><td></td><td></td></tr>
<tr><td>S02-types/lists.t</td><td>     1 skipped: loops<br/>      2 skipped: Cannot use value like Capture as a number<br/>      2 skipped: Excess arguments to CORE List.new<br/>      3 skipped: Cannot use bind operator with this LHS<br/></td><td></td><td></td><td></td></tr>
<tr><td>S02-types/mixed_multi_dimensional.t</td><td>     8 skipped: Cannot use hash access on an object of type Pair<br/>      2 todo   : <br/>      1 todo   : more keys at level 4<br/></td><td></td><td></td><td></td></tr>
<tr><td>S02-types/nan.t</td><td>     1 skipped: Nominal type check failed for scalar store; got Num, needed Int or subtype<br/></td><td>     1 skipped: unspecced and inconsistent<br/>      1 skipped: RT 83446<br/>      1 todo   : RT 83622<br/></td><td>     1 skipped: unspecced and inconsistent<br/>      1 skipped: RT 83446<br/>      1 todo   : RT 83622<br/></td><td>     1 skipped: unspecced and inconsistent<br/>      1 skipped: RT 83446<br/>      1 todo   : RT 83622<br/></td></tr>
<tr><td>S02-types/nested_arrays.t</td><td>     1 todo   : <br/></td><td></td><td></td><td></td></tr>
<tr><td>S02-types/pair.t</td><td>     1 skipped: eqv NYI for Pair<br/>      1 skipped: Failure NYI<br/>      2 skipped: Invocant handling is NYI<br/>      2 todo   : setting .key changes original val!<br/></td><td>     2 skipped: method($invocant:) syntax missing<br/>      1 todo   : should it really have \n on the end?<br/></td><td>     2 skipped: method($invocant:) syntax missing<br/>      1 todo   : should it really have \n on the end?<br/></td><td>     2 skipped: method($invocant:) syntax missing<br/>      1 todo   : should it really have \n on the end?<br/></td></tr>
<tr><td>S02-types/parcel.t</td><td>     3 skipped: .Parcel NYI<br/>      1 todo   : .item.perl on empty Parcel gives Match.ast shorthand<br/></td><td></td><td></td><td></td></tr>
<tr><td>S02-types/parsing-bool.t</td><td>     2 skipped: Unable to resolve method reverse in class Range<br/>      1 skipped: Attempted to access slot $!min of type object for Range<br/>      1 skipped: Undeclared name: "Failure"<br/></td><td></td><td></td><td></td></tr>
<tr><td>S02-types/set.t</td><td>     1 skipped: .grabpairs NYI<br/>      1 skipped: .grab NYI<br/>     10 skipped: Hypers not yet Set compatible<br/>      3 skipped: .total NYI<br/>      2 skipped: SetHash<br/>      2 skipped: BagHash<br/>      3 skipped: Unmatched key in Hash.LISTSTORE<br/>      5 todo   : <br/>      4 todo   : Set in Set does not work correctly yet<br/>      1 todo   : Losing type in Set<br/></td><td>     1 skipped: Set is no longer Iterable<br/>      3 skipped: Odd number of elements<br/>      2 todo   : Not properly interpolating<br/>     10 todo   : Hypers not yet Set compatible<br/></td><td>     1 skipped: Set is no longer Iterable<br/>      3 skipped: Odd number of elements<br/>      2 todo   : Not properly interpolating<br/>     10 todo   : Hypers not yet Set compatible<br/></td><td>     1 skipped: Set is no longer Iterable<br/>      3 skipped: Odd number of elements<br/>      2 todo   : Not properly interpolating<br/>     10 todo   : Hypers not yet Set compatible<br/></td></tr>
<tr><td>S02-types/sethash.t</td><td>    10 skipped: is SetHash doesn't work yet<br/>     18 skipped: .grabpairs NYI<br/>     14 skipped: .grab NYI<br/>      3 skipped: .total NYI<br/>      1 todo   : Non-string keys NYI<br/></td><td>    10 skipped: 'is ObjectType' NYI<br/>      1 skipped: no longer Iterable<br/>      2 todo   : Not up to current spec<br/></td><td>    10 skipped: 'is ObjectType' NYI<br/>      1 skipped: no longer Iterable<br/>      2 todo   : Not up to current spec<br/></td><td>    10 skipped: 'is ObjectType' NYI<br/>      1 skipped: no longer Iterable<br/>      2 todo   : Not up to current spec<br/></td></tr>
<tr><td>S02-types/sigils-and-types.t</td><td>     1 skipped: Undeclared name Buf<br/>      1 skipped: Undeclared name QuantHash<br/>      4 skipped: Methods must be used in some kind of package<br/>      1 todo   : <br/></td><td>     1 todo   : Capture does Associative<br/>      1 todo   : Capture does Positional<br/></td><td>     1 todo   : Capture does Associative<br/>      1 todo   : Capture does Positional<br/></td><td>     1 todo   : Capture does Associative<br/>      1 todo   : Capture does Positional<br/></td></tr>
<tr><td>S02-types/subscripts_and_context.t</td><td>     1 skipped: Methods must be used in some kind of package<br/>      2 skipped: Exception NYI<br/>      2 todo   : <br/>      6 skipped: native types (noauto)<br/>      2 skipped: Trait of not available on variables<br/>      8 todo   : retrun value type checking NYI<br/>      1 skipped: Undeclared routine<br/>      1 skipped: Unable to resolve method postcircumfix:<( )> in class Range<br/>      1 skipped: Cannot use value like WhateverCode as a number<br/>      4 skipped: hangs<br/>      5 skipped: :delete<br/>      1 todo   : <br/>      1 todo   : binding of array elements works with splice (2)<br/></td><td></td><td></td><td></td></tr>
<tr><td>S02-lexical-conventions/comments.t</td><td></td><td>     1 todo   : nom regression<br/>      1 todo   : NYI<br/></td><td>     1 todo   : nom regression<br/>      1 todo   : NYI<br/></td><td>     1 todo   : nom regression<br/>      1 todo   : NYI<br/></td></tr>
<tr><td>S02-lexical-conventions/pod-in-multi-line-exprs.t</td><td></td><td>     1 skipped: confused near "(sub{ 42 }"<br/>      1 skipped: confused near "(sub { 42 "<br/></td><td>     1 skipped: confused near "(sub{ 42 }"<br/>      1 skipped: confused near "(sub { 42 "<br/></td><td>     1 skipped: confused near "(sub{ 42 }"<br/>      1 skipped: confused near "(sub { 42 "<br/></td></tr>
<tr><td>S02-lexical-conventions/unicode.t</td><td></td><td>     2 skipped: VOWEL SIGNs in identifiers<br/>      1 todo   : PS does not work to separate lines<br/></td><td>     2 skipped: VOWEL SIGNs in identifiers<br/>      1 todo   : PS does not work to separate lines<br/></td><td>     2 skipped: VOWEL SIGNs in identifiers<br/>      1 todo   : PS does not work to separate lines<br/></td></tr>
<tr><td>S02-lists/tree.t</td><td></td><td>     1 skipped: Any.tree(*@list) NYI<br/></td><td>     1 skipped: Any.tree(*@list) NYI<br/></td><td>     1 skipped: Any.tree(*@list) NYI<br/></td></tr>
<tr><td>S02-literals/listquote.t</td><td></td><td>     1 skipped: meta operators<br/>      3 todo   : magic type of <...> contents<br/>      1 todo   : unknown errors<br/></td><td>     1 skipped: meta operators<br/>      3 todo   : magic type of <...> contents<br/>      1 todo   : unknown errors<br/></td><td>     1 skipped: meta operators<br/>      3 todo   : magic type of <...> contents<br/>      1 todo   : unknown errors<br/></td></tr>
<tr><td>S02-literals/pair-boolean.t</td><td></td><td>     1 skipped: reduce meta op<br/>      1 skipped: prefix:<|><br/>      1 todo   : reduce meta op<br/>      1 todo   : prefix:<|><br/></td><td>     1 skipped: reduce meta op<br/>      1 skipped: prefix:<|><br/>      1 todo   : reduce meta op<br/>      1 todo   : prefix:<|><br/></td><td>     1 skipped: reduce meta op<br/>      1 skipped: prefix:<|><br/>      1 todo   : reduce meta op<br/>      1 todo   : prefix:<|><br/></td></tr>
<tr><td>S02-literals/quoting.t</td><td></td><td>     3 skipped: \c@ etc<br/>      1 todo   : retriage<br/>      1 todo   : «...»<br/>      2 todo   : q:x assigned to array<br/>      4 todo   : quoting adverbs<br/></td><td>     8 skipped: openpipe<br/>      3 skipped: \c@ etc<br/>      1 todo   : retriage<br/>      1 todo   : «...»<br/>      4 todo   : quoting adverbs<br/></td><td>     3 skipped: \c@ etc<br/>      1 todo   : retriage<br/>      1 todo   : «...»<br/>      2 todo   : q:x assigned to array<br/>      4 todo   : quoting adverbs<br/></td></tr>
<tr><td>S02-literals/radix.t</td><td></td><td>     4 todo   : Some question of what this form should actually do<br/>      1 todo   : Really?!<br/></td><td>     4 todo   : Some question of what this form should actually do<br/>      1 todo   : Really?!<br/></td><td>     4 todo   : Some question of what this form should actually do<br/>      1 todo   : Really?!<br/></td></tr>
<tr><td>S02-literals/version.t</td><td></td><td>     3 todo   : trailing zeroes fail<br/></td><td>     3 todo   : trailing zeroes fail<br/></td><td>     3 todo   : trailing zeroes fail<br/></td></tr>
<tr><td>S02-magicals/config.t</td><td></td><td>     2 skipped: unimpl $?OS<br/></td><td>     2 skipped: unimpl $?OS<br/></td><td>     2 skipped: unimpl $?OS<br/></td></tr>
<tr><td>S02-magicals/dollar-underscore.t</td><td></td><td>     1 skipped: for() with nullary block<br/></td><td>     1 skipped: for() with nullary block<br/></td><td>     1 skipped: for() with nullary block<br/></td></tr>
<tr><td>S02-magicals/dollar_bang.t</td><td></td><td>     1 todo   : stringification of $!<br/></td><td>     1 todo   : stringification of $!<br/></td><td>     1 todo   : stringification of $!<br/></td></tr>
<tr><td>S02-magicals/env.t</td><td></td><td>     1 skipped: import keyword<br/></td><td>     1 skipped: import keyword<br/></td><td>     1 skipped: import keyword<br/></td></tr>
<tr><td>S02-names-vars/names.t</td><td></td><td>     4 skipped: ::{ } package lookup NYI<br/>      2 skipped: this kind of lookup NYI<br/>      7 skipped: package variable autovivification<br/>      1 todo   : nom regression<br/>      1 todo   : dubious test - otherwise why is ::<$foo> allowed?<br/>      2 skipped: {...}.perl does not work<br/>      2 skipped: recursive data structure<br/>      2 skipped: RT 67790<br/></td><td>     4 skipped: ::{ } package lookup NYI<br/>      2 skipped: this kind of lookup NYI<br/>      7 skipped: package variable autovivification<br/>      1 todo   : nom regression<br/>      1 todo   : dubious test - otherwise why is ::<$foo> allowed?<br/>      2 skipped: {...}.perl does not work<br/>      2 skipped: recursive data structure<br/>      2 skipped: RT 67790<br/></td><td>     4 skipped: ::{ } package lookup NYI<br/>      2 skipped: this kind of lookup NYI<br/>      7 skipped: package variable autovivification<br/>      1 todo   : nom regression<br/>      1 todo   : dubious test - otherwise why is ::<$foo> allowed?<br/>      2 skipped: {...}.perl does not work<br/>      2 skipped: recursive data structure<br/>      2 skipped: RT 67790<br/></td></tr>
<tr><td>S02-names-vars/signature.t</td><td></td><td>     2 todo   : eqv on signatures<br/></td><td>     2 todo   : eqv on signatures<br/></td><td>     2 todo   : eqv on signatures<br/>      3 skipped: nom regression<br/>      3 todo   : nom regression<br/></td></tr>
<tr><td>S02-names-vars/variables-and-packages.t</td><td></td><td>     3 skipped: nom regression<br/>      3 todo   : nom regression<br/></td><td>     3 skipped: nom regression<br/>      3 todo   : nom regression<br/></td><td></td></tr>
<tr><td>S02-names-vars/varnames.t</td><td></td><td>     2 skipped: cannot easily override [] at the moment<br/></td><td>     2 skipped: cannot easily override [] at the moment<br/></td><td>     2 skipped: cannot easily override [] at the moment<br/></td></tr>
<tr><td>S02-names/symbolic-deref.t</td><td></td><td>     2 skipped: NYI<br/>      1 skipped: no such symbol<br/>      1 todo   : NYI<br/>      1 todo   : no such symbol<br/></td><td>     2 skipped: NYI<br/>      1 skipped: no such symbol<br/>      1 todo   : NYI<br/>      1 todo   : no such symbol<br/></td><td>     2 skipped: NYI<br/>      1 skipped: no such symbol<br/>      1 todo   : NYI<br/>      1 todo   : no such symbol<br/></td></tr>
<tr><td>S02-packages/package-lookup.t</td><td></td><td>     2 skipped: tests don't work if previous test fails<br/>      1 todo   : Parrot support for zero-arg subs?<br/></td><td>     2 skipped: tests don't work if previous test fails<br/>      1 todo   : Parrot support for zero-arg subs?<br/></td><td>     2 skipped: tests don't work if previous test fails<br/>      1 todo   : Parrot support for zero-arg subs?<br/></td></tr>
<tr><td>S02-types/array.t</td><td></td><td>     2 skipped: multi-dim arrays<br/></td><td>     2 skipped: multi-dim arrays<br/></td><td>     2 skipped: multi-dim arrays<br/></td></tr>
<tr><td>S02-types/bag.t</td><td></td><td>     3 skipped: No longer Iterable<br/>      2 skipped: Odd number of elements<br/>      2 todo   : Not properly interpolating<br/></td><td>     3 skipped: No longer Iterable<br/>      2 skipped: Odd number of elements<br/>      2 todo   : Not properly interpolating<br/></td><td>     3 skipped: No longer Iterable<br/>      2 skipped: Odd number of elements<br/>      2 todo   : Not properly interpolating<br/></td></tr>
<tr><td>S02-types/baghash.t</td><td></td><td>    21 skipped: 'is ObjectType' NYI<br/>      3 skipped: No longer Iterable<br/>      2 skipped: Odd number of elements<br/>      2 todo   : Needs to catch up with spec<br/>      2 todo   : RT #120407<br/>      2 todo   : in flux<br/></td><td>    21 skipped: 'is ObjectType' NYI<br/>      3 skipped: No longer Iterable<br/>      2 skipped: Odd number of elements<br/>      2 todo   : Needs to catch up with spec<br/>      2 todo   : in flux<br/></td><td>    21 skipped: 'is ObjectType' NYI<br/>      3 skipped: No longer Iterable<br/>      2 skipped: Odd number of elements<br/>      2 todo   : Needs to catch up with spec<br/>      2 todo   : in flux<br/></td></tr>
<tr><td>S02-types/capture.t</td><td></td><td>     1 skipped: nom regression<br/>      2 todo   : nom regression<br/></td><td>     1 skipped: nom regression<br/>      2 todo   : nom regression<br/></td><td>     1 skipped: nom regression<br/>      2 todo   : nom regression<br/></td></tr>
<tr><td>S02-types/deprecations.t</td><td></td><td>    29 skipped: tracebacks in deprecations<br/></td><td>     1 skipped: Could not create deprecated Order::Decrease<br/>      1 skipped: Could not create deprecated Order::Increase<br/></td><td>     1 skipped: Could not create deprecated Order::Decrease<br/>      1 skipped: Could not create deprecated Order::Increase<br/></td></tr>
<tr><td>S02-types/infinity.t</td><td></td><td>     4 skipped: integer Inf<br/>      3 todo   : Int conversion of NaN and Inf<br/></td><td>     4 skipped: integer Inf<br/>      3 todo   : Int conversion of NaN and Inf<br/></td><td>     4 skipped: integer Inf<br/>      3 todo   : Int conversion of NaN and Inf<br/></td></tr>
<tr><td>S02-types/instants-and-durations.t</td><td></td><td>    20 tests aborted (missing ok/not ok)<br/></td><td></td><td></td></tr>
<tr><td>S02-types/lazy-lists.t</td><td></td><td>     3 skipped: list binding<br/></td><td>     3 skipped: list binding<br/></td><td>     3 skipped: list binding<br/></td></tr>
<tr><td>S02-types/mix.t</td><td></td><td>     3 skipped: No longer Iterable<br/>      2 skipped: Odd number of elements<br/>      2 todo   : Not properly interpolating<br/>      2 todo   : unknown<br/>      1 todo   : isa hash<br/></td><td>     3 skipped: No longer Iterable<br/>      2 skipped: Odd number of elements<br/>      2 todo   : Not properly interpolating<br/>      2 todo   : unknown<br/>      1 todo   : isa hash<br/></td><td>     3 skipped: No longer Iterable<br/>      2 skipped: Odd number of elements<br/>      2 todo   : Not properly interpolating<br/>      2 todo   : unknown<br/>      1 todo   : isa hash<br/></td></tr>
<tr><td>S02-types/mixhash.t</td><td></td><td>    21 skipped: 'is ObjectType' NYI<br/>      3 skipped: No longer Iterable<br/>      2 skipped: Odd number of elements<br/>      2 todo   : Needs to catch up with spec<br/>      2 todo   : in flux<br/>     10 skipped: Parse Error: Statement not terminated properly<br/>      1 todo   : nom regression<br/>      9 todo   : Null PMC access in find_method()<br/></td><td>    21 skipped: 'is ObjectType' NYI<br/>      3 skipped: No longer Iterable<br/>      2 skipped: Odd number of elements<br/>      2 todo   : Needs to catch up with spec<br/>      2 todo   : in flux<br/>     10 skipped: Parse Error: Statement not terminated properly<br/>      1 todo   : nom regression<br/>      9 todo   : Null PMC access in find_method()<br/></td><td>    21 skipped: 'is ObjectType' NYI<br/>      3 skipped: No longer Iterable<br/>      2 skipped: Odd number of elements<br/>      2 todo   : Needs to catch up with spec<br/>      2 todo   : in flux<br/>     10 skipped: Parse Error: Statement not terminated properly<br/>      1 todo   : nom regression<br/>      9 todo   : Null PMC access in find_method()<br/></td></tr>
<tr><td>S02-types/native.t</td><td></td><td>     2 skipped: RT 102416<br/></td><td>     2 skipped: RT 102416<br/></td><td>     2 skipped: RT 102416<br/></td></tr>
<tr><td>S02-types/nested_pairs.t</td><td></td><td>     1 skipped: triage<br/>      6 todo   : triage<br/></td><td>     1 skipped: triage<br/>      6 todo   : triage<br/></td><td>     1 skipped: triage<br/>      6 todo   : triage<br/></td></tr>
<tr><td>S02-types/subset.t</td><td></td><td>     1 skipped: (noauto) succeeds for the wrong reason (need to test the error)<br/></td><td>     1 skipped: (noauto) succeeds for the wrong reason (need to test the error)<br/></td><td>     1 skipped: (noauto) succeeds for the wrong reason (need to test the error)<br/></td></tr>
<tr><td>S02-types/type.t</td><td></td><td>     1 todo   : nigh<br/>      4 todo   : .clone doesn't copy typedness<br/></td><td>     4 todo   : .clone doesn't copy typedness<br/></td><td>     4 todo   : .clone doesn't copy typedness<br/></td></tr>
<tr><td>S02-types/whatever.t</td><td></td><td>     5 skipped: currying plus meta ops<br/>      1 todo   : * as dummy<br/></td><td>     5 skipped: currying plus meta ops<br/>      1 todo   : * as dummy<br/></td><td>     5 skipped: currying plus meta ops<br/>      1 todo   : * as dummy<br/></td></tr>
<tr><td>S02-types/isDEPRECATED.t</td><td></td><td></td><td>     8 todo   : NYI<br/></td><td>     8 todo   : NYI<br/></td></tr>
<tr><td><h3>S03</h3></td></tr>
<tr><td>S03-binding/nested.t</td><td>     8 skipped: is parcel - https://github.com/sorear/niecza/issues/177<br/></td><td></td><td></td><td></td></tr>
<tr><td>S03-binding/ro.t</td><td>     4 todo   : <br/></td><td>     4 todo   : ::= on arrays<br/>      2 todo   : nom regression<br/></td><td>     4 todo   : ::= on arrays<br/>      2 todo   : nom regression<br/></td><td>     4 todo   : ::= on arrays<br/>      2 todo   : nom regression<br/></td></tr>
<tr><td>S03-binding/scalars.t</td><td>     1 skipped: CALLER::<br/>      9 skipped: list binding<br/>      2 todo   : difference of interpretation on ro binding<br/></td><td>     2 skipped: List binding<br/>      7 skipped: list binding<br/>      2 todo   : nom regression<br/></td><td>     2 skipped: List binding<br/>      7 skipped: list binding<br/>      2 todo   : nom regression<br/></td><td>     2 skipped: List binding<br/>      7 skipped: list binding<br/>      2 todo   : nom regression<br/></td></tr>
<tr><td>S03-junctions/associative.t</td><td>     1 skipped: interferes hard with inlining<br/>      2 todo   : Difficulties overloading | and &<br/>      4 skipped: Impossible test: === takes Any<br/>      2 todo   : #82<br/></td><td></td><td></td><td></td></tr>
<tr><td>S03-metaops/cross.t</td><td>     1 skipped: Unable to resolve method slice in class List<br/>      1 todo   : <br/>      1 skipped: nonsensical test<br/>      2 skipped: does not work; recurses into hash<br/></td><td>     1 skipped: .slice for iterators NYI<br/>      1 todo   : RT 74072<br/>      2 todo   : huh?<br/></td><td>     1 skipped: .slice for iterators NYI<br/>      1 todo   : RT 74072<br/>      2 todo   : huh?<br/></td><td>     1 skipped: .slice for iterators NYI<br/>      1 todo   : RT 74072<br/>      2 todo   : huh?<br/></td></tr>
<tr><td>S03-metaops/not.t</td><td>     9 skipped: [macro]<br/>      2 skipped: Iterable<br/>     70 skipped: ^^<br/>      2 skipped: this is parsed as ![=], not good<br/>      2 skipped: huh?  these are macros<br/>      1 skipped: Str cmp Inf<br/>      1 skipped: reduce is not supposed to flatten?<br/>      2 todo   : <br/>      1 todo   : These are hyperop tests!<br/>      2 todo   : this is parsed as ![=], not good<br/>      1 todo   : huh?<br/>      1 todo   : unary [] does not context yet<br/></td><td>     2 skipped: huh?<br/>      2 skipped: [!===]<br/>      1 todo   : item context<br/>      2 todo   : triangle [\^^] and [\xor]<br/>      2 todo   : huh?<br/>      2 todo   : orelse<br/>      1 todo   : reduced hyper op<br/></td><td>     2 skipped: huh?<br/>      2 skipped: [!===]<br/>      1 todo   : item context<br/>      2 todo   : triangle [\^^] and [\xor]<br/>      2 todo   : huh?<br/>      2 todo   : orelse<br/>      1 todo   : reduced hyper op<br/></td><td>     2 skipped: huh?<br/>      2 skipped: [!===]<br/>      1 todo   : item context<br/>      2 todo   : triangle [\^^] and [\xor]<br/>      2 todo   : huh?<br/>      2 todo   : orelse<br/>      1 todo   : reduced hyper op<br/></td></tr>
<tr><td>S03-metaops/zip.t</td><td>     1 skipped: Unable to resolve method munch in class List<br/>      2 skipped: Cannot use value like Whatever as a number<br/>      3 skipped: Unable to resolve method lol in type Parcel<br/>      4 todo   : <br/>      5 skipped: Multi colonpair syntax not yet understood<br/></td><td>     2 skipped: nom regression<br/>      4 todo   : nom regression<br/>      1 todo   : Multi colonpair syntax not yet understood<br/></td><td>     2 skipped: nom regression<br/>      4 todo   : nom regression<br/>      1 todo   : Multi colonpair syntax not yet understood<br/></td><td>     2 skipped: nom regression<br/>      4 todo   : nom regression<br/>      1 todo   : Multi colonpair syntax not yet understood<br/></td></tr>
<tr><td>S03-operators/also.t</td><td>     1 skipped: Excess arguments to CORE seqop, used 3 of 4 positionals<br/>      1 todo   : <br/></td><td>     4 todo   : nom regression<br/></td><td>     4 todo   : nom regression<br/></td><td>     4 todo   : nom regression<br/></td></tr>
<tr><td>S03-operators/andthen.t</td><td>     1 todo   : No agreement over correct behavior here -- above web page not helpful!<br/></td><td></td><td></td><td></td></tr>
<tr><td>S03-operators/assign-is-not-binding.t</td><td>     5 skipped: No ^^ yet<br/>     15 skipped: Buffer bitops NYI<br/>      2 skipped: Unable to resolve method LISTSTORE in class List<br/>      5 skipped: No xor yet<br/>      1 skipped: $a[] autovivification (unspecced?)<br/>      2 skipped: Overloading infix:<=> fails<br/>     34 todo   : <br/>      3 todo   : feature<br/>      1 todo   : assigning to ($a, *)<br/></td><td>     3 skipped: expects a term, found infix >= instead<br/>      3 skipped: Two terms in a row<br/>      3 skipped: cannot modifiy an immutable value<br/>      1 skipped: Odd number of elements found where hash expected<br/>      2 skipped: RT #76734<br/>      1 todo   : RT 80614<br/>      5 todo   : list assignment<br/>      5 todo   : list assignment to scalar<br/>      3 todo   : list assignment, autovivification (?)<br/>      3 todo   : item assignment<br/>      1 todo   : list assignment with ($var, *)<br/>      2 todo   : unknown<br/>      1 todo   : huh?<br/>      1 todo   : item/list assignment<br/></td><td>     3 skipped: expects a term, found infix >= instead<br/>      3 skipped: Two terms in a row<br/>      3 skipped: cannot modifiy an immutable value<br/>      1 skipped: Odd number of elements found where hash expected<br/>      2 skipped: RT #76734<br/>      1 todo   : RT 80614<br/>      5 todo   : list assignment<br/>      5 todo   : list assignment to scalar<br/>      3 todo   : list assignment, autovivification (?)<br/>      3 todo   : item assignment<br/>      1 todo   : list assignment with ($var, *)<br/>      2 todo   : unknown<br/>      1 todo   : huh?<br/>      1 todo   : item/list assignment<br/></td><td>     3 skipped: expects a term, found infix >= instead<br/>      3 skipped: Two terms in a row<br/>      3 skipped: cannot modifiy an immutable value<br/>      1 skipped: Odd number of elements found where hash expected<br/>      2 skipped: RT #76734<br/>      1 todo   : RT 80614<br/>      5 todo   : list assignment<br/>      5 todo   : list assignment to scalar<br/>      3 todo   : list assignment, autovivification (?)<br/>      3 todo   : item assignment<br/>      1 todo   : list assignment with ($var, *)<br/>      2 todo   : unknown<br/>      1 todo   : huh?<br/>      1 todo   : item/list assignment<br/></td></tr>
<tr><td>S03-operators/autoincrement-range.t</td><td>     5 skipped: Failure NYI<br/>     14 skipped: Magical string decrement underflowed<br/>      6 todo   : Gujarati NYI<br/>      6 todo   : Gurmukhi NYI<br/>      6 todo   : Devangari NYI<br/>      4 todo   : Hebrew<br/>      1 todo   : Magical string decrement underflowed<br/>      6 todo   : Arabic-Indic NYI<br/>      6 todo   : Bengali NYI<br/>      6 todo   : Oriya NYI<br/>      1 skipped: Failure NYI<br/>      9 todo   : <br/></td><td></td><td></td><td></td></tr>
<tr><td>S03-operators/basic-types.t</td><td>    11 skipped: string bitops<br/>      2 skipped: No value for parameter $a in CORE infix:<?&><br/>      2 skipped: No value for parameter $a in CORE infix:<?^><br/>      2 skipped: No value for parameter $b in CORE infix:<?^><br/>      2 skipped: No value for parameter $b in CORE infix:<?|><br/>      2 skipped: No value for parameter $b in CORE infix:<?&><br/>      2 skipped: No value for parameter $a in CORE infix:<?|><br/>      1 todo   : <br/></td><td></td><td></td><td></td></tr>
<tr><td>S03-operators/comparison.t</td><td>     4 skipped: Failure NYI<br/>      2 skipped: Trait context not available on variables<br/>      2 skipped: Trait dynamic not available on variables<br/>      3 skipped: Stringy NYI<br/>      2 skipped: Unmatched key in Hash.LISTSTORE<br/>      1 todo   : https://github.com/sorear/niecza/issues/179<br/>      1 skipped: Invalid hard reference syntax<br/>      4 skipped: Excess arguments to item, used 1 of 2 positionals<br/>      1 skipped: No value for parameter $r in CORE infix:<==><br/>      1 skipped: No value for parameter $l in CORE infix:<!=><br/>      1 skipped: No value for parameter $r in CORE infix:<!=><br/>      1 skipped: No value for parameter $l in CORE infix:<==><br/></td><td>     4 todo   : nom regression<br/></td><td>     4 todo   : nom regression<br/></td><td>     4 todo   : nom regression<br/></td></tr>
<tr><td>S03-operators/eqv.t</td><td>     4 skipped: Cannot use value like Block as a number<br/>     14 skipped: Cannot use value like Capture as a number<br/>      3 skipped: Cannot use value like Sub as a number<br/>      1 todo   : <br/></td><td>     1 skipped: huh?<br/>      3 todo   : huh?<br/>      2 skipped: dubious scoping?<br/></td><td>     1 skipped: huh?<br/>      3 todo   : huh?<br/>      2 skipped: dubious scoping?<br/></td><td>     1 skipped: huh?<br/>      3 todo   : huh?<br/>      2 skipped: dubious scoping?<br/></td></tr>
<tr><td>S03-operators/identity.t</td><td>     4 skipped: Failure NYI<br/></td><td>     4 todo   : unspecced<br/>      4 todo   : misuse of =:=<br/></td><td>     4 todo   : unspecced<br/>      4 todo   : misuse of =:=<br/></td><td>     4 todo   : unspecced<br/>      4 todo   : misuse of =:=<br/></td></tr>
<tr><td>S03-operators/increment.t</td><td>     1 todo   : Works fine in niecza...<br/>      1 todo   : #88<br/></td><td>     1 todo   : nom regression<br/></td><td>     1 todo   : nom regression<br/></td><td>     1 todo   : nom regression<br/></td></tr>
<tr><td>S03-operators/inplace.t</td><td>     2 todo   : sort is not a stable sort on all platforms<br/></td><td>     4 skipped: Method '' not found for invocant of class 'Str'<br/></td><td>     4 skipped: Method '' not found for invocant of class 'Str'<br/></td><td>     4 skipped: Method '' not found for invocant of class 'Str'<br/></td></tr>
<tr><td>S03-operators/minmax.t</td><td>     5 todo   : <br/>      1 todo   : <br/></td><td>     2 todo   : Annoying test that we haven't done the obvious yet unspecced, fails because we have indeed done the obvious<br/>      2 todo   : max/min non-associative NYI<br/></td><td>     2 todo   : Annoying test that we haven't done the obvious yet unspecced, fails because we have indeed done the obvious<br/>      2 todo   : max/min non-associative NYI<br/></td><td>     2 todo   : Annoying test that we haven't done the obvious yet unspecced, fails because we have indeed done the obvious<br/>      2 todo   : max/min non-associative NYI<br/></td></tr>
<tr><td>S03-operators/names.t</td><td>     2 todo   : <br/>      2 skipped: undeclared name [+]<br/>      1 skipped: undeclared name [<=>]<br/>      1 skipped: undeclared name [==]<br/></td><td></td><td></td><td></td></tr>
<tr><td>S03-operators/numeric-shift.t</td><td>    12 skipped: shift by negative bit count<br/></td><td></td><td></td><td></td></tr>
<tr><td>S03-operators/precedence.t</td><td>     2 skipped: assigning to readonly value<br/>      8 skipped: No exceptions<br/></td><td>     2 skipped: nom regression<br/>      1 todo   : list associativity bug<br/>      1 todo   : RT #77848<br/>      2 todo   : non-associativeness of infix:<^> and |<br/></td><td>     2 skipped: nom regression<br/>      1 todo   : list associativity bug<br/>      1 todo   : RT #77848<br/>      2 todo   : non-associativeness of infix:<^> and |<br/></td><td>     2 skipped: nom regression<br/>      1 todo   : list associativity bug<br/>      1 todo   : RT #77848<br/>      2 todo   : non-associativeness of infix:<^> and |<br/></td></tr>
<tr><td>S03-operators/range-int.t</td><td>     3 skipped: cannot increment a value of type Match<br/>      4 skipped: Spec under design here<br/>     11 skipped: Unhandled exception: cannot increment a value of type Array<br/>      1 todo   : forbid Ranges as Range endpoints<br/></td><td>     2 todo   : huh?<br/>      1 skipped: [Z] hangs<br/>      1 skipped: ~> NYI<br/>      1 skipped: expected Any but got Mu instead<br/>      1 skipped: ~< NYI<br/></td><td>     2 todo   : huh?<br/>      1 skipped: [Z] hangs<br/>      1 skipped: ~> NYI<br/>      1 skipped: expected Any but got Mu instead<br/>      1 skipped: ~< NYI<br/></td><td>     2 todo   : huh?<br/>      1 skipped: [Z] hangs<br/>      1 skipped: ~> NYI<br/>      1 skipped: expected Any but got Mu instead<br/>      1 skipped: ~< NYI<br/></td></tr>
<tr><td>S03-operators/short-circuit.t</td><td>    10 skipped: ^^ xor NYI<br/>     29 skipped: ^^ NYI<br/>      3 skipped: xor NYI<br/>      1 todo   : <br/></td><td></td><td></td><td></td></tr>
<tr><td>S03-operators/so.t</td><td>     1 todo   : <br/></td><td>     1 todo   : check test and rakudo<br/></td><td>     1 todo   : check test and rakudo<br/></td><td>     1 todo   : check test and rakudo<br/></td></tr>
<tr><td>S03-operators/spaceship.t</td><td>     6 skipped: Excess arguments to KERNEL Hash.postcircumfix:<{ }>, unused named v<br/>     18 skipped: Excess arguments to KERNEL Array.postcircumfix:<[ ]>, unused named v<br/>     34 todo   : <br/>      2 todo   : Cannot use value like Pair as a number<br/></td><td></td><td></td><td></td></tr>
<tr><td>S03-operators/value_equivalence.t</td><td>     3 todo   : <br/></td><td>     1 todo   : .WHICH based on type names<br/>      1 todo   : === fail<br/>      2 todo   : === doesn't work on array references yet<br/></td><td>     1 todo   : .WHICH based on type names<br/>      1 todo   : === fail<br/>      2 todo   : === doesn't work on array references yet<br/></td><td>     1 todo   : .WHICH based on type names<br/>      1 todo   : === fail<br/>      2 todo   : === doesn't work on array references yet<br/></td></tr>
<tr><td>S03-sequence/arity-2-or-more.t</td><td>     2 skipped: Undeclared names: '[%]'<br/>      1 skipped: Undeclared names: '[+]'<br/></td><td></td><td></td><td></td></tr>
<tr><td>S03-sequence/arity0.t</td><td>    10 skipped: Unable to resolve method munch in class List<br/>      1 skipped: Failure NYI<br/>      2 skipped: &[] NYI<br/></td><td></td><td></td><td></td></tr>
<tr><td>S03-sequence/limit-arity-2-or-more.t</td><td>     1 skipped: Unable to resolve method chars in class Block<br/>      1 skipped: Cannot use value like Block as a number<br/>      1 skipped: Nominal type check failed in binding Int $n in f; got Str, needed Int<br/>      3 skipped: Slicel lists are NYI<br/>      1 skipped: Need something on the LHS<br/></td><td>     1 skipped: Slicel lists are NYI<br/>      1 skipped: Not enough positional parameters passed; got 0 but expected 1<br/>      1 todo   : gives True instead<br/>      2 todo   : NYI<br/>      1 todo   : bogus test?<br/>      1 todo   : RT 80574<br/></td><td>     1 skipped: Slicel lists are NYI<br/>      1 skipped: Not enough positional parameters passed; got 0 but expected 1<br/>      1 todo   : gives True instead<br/>      2 todo   : NYI<br/>      1 todo   : bogus test?<br/>      1 todo   : RT 80574<br/></td><td>     1 skipped: Slicel lists are NYI<br/>      1 skipped: Not enough positional parameters passed; got 0 but expected 1<br/>      1 todo   : gives True instead<br/>      2 todo   : NYI<br/>      1 todo   : bogus test?<br/>      1 todo   : RT 80574<br/></td></tr>
<tr><td>S03-sequence/nonnumeric.t</td><td>    17 skipped: Two definitions found for symbol ::GLOBAL::&infix:<cmp> (etc)<br/>      3 skipped: munch not implemented<br/></td><td>     6 skipped: lifting comparison ops<br/>     11 skipped: hangs<br/>      2 skipped: Decrement out of range<br/></td><td>     6 skipped: lifting comparison ops<br/>     11 skipped: hangs<br/>      2 skipped: Decrement out of range<br/></td><td>     6 skipped: lifting comparison ops<br/>     11 skipped: hangs<br/>      2 skipped: Decrement out of range<br/></td></tr>
<tr><td>S03-smartmatch/any-array.t</td><td>     2 todo   : <br/></td><td>     2 todo   : nom regression<br/></td><td>     2 todo   : nom regression<br/></td><td>     2 todo   : nom regression<br/></td></tr>
<tr><td>S03-smartmatch/any-num.t</td><td>     2 skipped: Nominal type check failed for #1<br/></td><td>     2 skipped: Mu ~~ Num doesn't work yet<br/></td><td>     2 skipped: Mu ~~ Num doesn't work yet<br/></td><td>     2 skipped: Mu ~~ Num doesn't work yet<br/></td></tr>
<tr><td>S03-smartmatch/any-pair.t</td><td>     2 todo   : <br/></td><td></td><td></td><td></td></tr>
<tr><td>S03-smartmatch/any-str.t</td><td>     1 skipped: Mu as argument<br/></td><td>     1 skipped: smartmatching Mu against Str<br/></td><td>     1 skipped: smartmatching Mu against Str<br/></td><td>     1 skipped: smartmatching Mu against Str<br/></td></tr>
<tr><td>S03-smartmatch/any-type.t</td><td>     1 todo   : Unable to resolve method ACCEPTS in type M<br/></td><td></td><td></td><td></td></tr>
<tr><td>S03-smartmatch/array-array.t</td><td>    18 todo   : <br/></td><td></td><td></td><td></td></tr>
<tr><td>S03-binding/attributes.t</td><td></td><td>     3 skipped: class attributes<br/></td><td>     3 skipped: class attributes<br/></td><td>     3 skipped: class attributes<br/></td></tr>
<tr><td>S03-binding/hashes.t</td><td></td><td>     1 skipped: without fudging 1 rakudo test, the whole file fails?<br/></td><td>     1 skipped: without fudging 1 rakudo test, the whole file fails?<br/></td><td>     1 skipped: without fudging 1 rakudo test, the whole file fails?<br/></td></tr>
<tr><td>S03-feeds/basic.t</td><td></td><td>     4 skipped: double-ended feeds<br/>      4 skipped: * feeds<br/>      1 todo   : isn't lazy<br/>      2 todo   : feeds + signatures<br/>      1 todo   : * feeds<br/>      3 todo   : feeds + eager<br/></td><td>     4 skipped: double-ended feeds<br/>      4 skipped: * feeds<br/>      1 todo   : isn't lazy<br/>      2 todo   : feeds + signatures<br/>      1 todo   : * feeds<br/>      3 todo   : feeds + eager<br/></td><td>     4 skipped: double-ended feeds<br/>      4 skipped: * feeds<br/>      1 todo   : isn't lazy<br/>      2 todo   : feeds + signatures<br/>      1 todo   : * feeds<br/>      3 todo   : feeds + eager<br/></td></tr>
<tr><td>S03-junctions/boolean-context.t</td><td></td><td>     1 todo   : named unary as function call<br/></td><td>     1 todo   : named unary as function call<br/></td><td>     1 todo   : named unary as function call<br/></td></tr>
<tr><td>S03-junctions/misc.t</td><td></td><td>     4 skipped: lower case junction<br/>      2 todo   : lower case junction type<br/>      2 todo   : nom regression<br/></td><td>     4 skipped: lower case junction<br/>      2 todo   : lower case junction type<br/>      2 todo   : nom regression<br/></td><td>     4 skipped: lower case junction<br/>      2 todo   : lower case junction type<br/>      2 todo   : nom regression<br/></td></tr>
<tr><td>S03-metaops/eager-hyper.t</td><td></td><td>     2 skipped: hyper prefix NYI<br/>      1 todo   : Array assignment is not lazy -- is this test wrong?<br/>      1 skipped: EVAL(Buf)<br/>      3 skipped: huh?<br/>      2 skipped: nom regression: possible spec change/improvement<br/>      6 todo   : nom regression - whatever extension<br/></td><td>     2 skipped: hyper prefix NYI<br/>      1 todo   : Array assignment is not lazy -- is this test wrong?<br/>      1 skipped: EVAL(Buf)<br/>      3 skipped: huh?<br/>      2 skipped: nom regression: possible spec change/improvement<br/>      6 todo   : nom regression - whatever extension<br/></td><td>     2 skipped: hyper prefix NYI<br/>      1 todo   : Array assignment is not lazy -- is this test wrong?<br/>      1 skipped: EVAL(Buf)<br/>      3 skipped: huh?<br/>      2 skipped: nom regression: possible spec change/improvement<br/>      6 todo   : nom regression - whatever extension<br/></td></tr>
<tr><td>S03-operators/bag.t</td><td></td><td>    16 skipped: Reduction and bag operators<br/></td><td>    16 skipped: Reduction and bag operators<br/></td><td>    16 skipped: Reduction and bag operators<br/></td></tr>
<tr><td>S03-operators/context-forcers.t</td><td></td><td>     2 skipped: failure modes of Str.Numeric<br/></td><td>     2 skipped: failure modes of Str.Numeric<br/></td><td>     2 skipped: failure modes of Str.Numeric<br/></td></tr>
<tr><td>S03-operators/is-divisible-by.t</td><td></td><td>     1 todo   : not sure why this doesn't fire<br/></td><td>     1 todo   : not sure why this doesn't fire<br/></td><td>     1 todo   : not sure why this doesn't fire<br/></td></tr>
<tr><td>S03-operators/misc.t</td><td></td><td>     1 todo   : nom regression<br/></td><td>     1 todo   : nom regression<br/></td><td>     1 todo   : nom regression<br/></td></tr>
<tr><td>S03-operators/not.t</td><td></td><td>     1 todo   : RT 65556<br/></td><td>     1 todo   : RT 65556<br/></td><td>     1 todo   : RT 65556<br/></td></tr>
<tr><td>S03-operators/set.t</td><td></td><td>     2 skipped: ∅ NYI<br/>     16 skipped: Reduction and set operators<br/>      2 todo   : huh?<br/>      6 todo   : wrong return type<br/></td><td>     2 skipped: ∅ NYI<br/>     16 skipped: Reduction and set operators<br/>      2 todo   : huh?<br/>      6 todo   : wrong return type<br/></td><td>     2 skipped: ∅ NYI<br/>     16 skipped: Reduction and set operators<br/>      2 todo   : huh?<br/>      6 todo   : wrong return type<br/></td></tr>
<tr><td>S03-sequence/basic.t</td><td></td><td>     1 todo   : sequence + last<br/>      1 todo   : mysterious<br/></td><td>     1 todo   : sequence + last<br/>      1 todo   : mysterious<br/></td><td>     1 todo   : sequence + last<br/>      1 todo   : mysterious<br/></td></tr>
<tr><td>S03-smartmatch/hash-hash.t</td><td></td><td>     2 todo   : nom regression<br/></td><td>     2 todo   : nom regression<br/></td><td>     2 todo   : nom regression<br/></td></tr>
<tr><td><h3>S04</h3></td></tr>
<tr><td>S04-blocks-and-statements/let.t</td><td>     1 skipped: 'fail' used at line 68<br/></td><td></td><td></td><td></td></tr>
<tr><td>S04-blocks-and-statements/pointy-rw.t</td><td>     2 todo   : <br/>      3 skipped: Could not find non-existent sub junction<br/>      1 todo   : <br/>      1 todo   : Unable to resolve method name in class Sub<br/></td><td></td><td></td><td></td></tr>
<tr><td>S04-blocks-and-statements/temp.t</td><td>    15 skipped: spec clarification needed<br/>      3 skipped: Lexical foo3 is not a package (?)<br/>      3 skipped: Cannot use COMPILING outside BEGIN scope<br/>      2 skipped: Undeclared name: 'G::c'<br/>      1 skipped: Cannot use bind operator with this LHS<br/>      1 skipped: Unable to resolve method postcircumfix:<( )> in class Int<br/>      2 todo   : <br/>      3 todo   : <br/>      1 todo   : MMD<br/>      1 skipped: a not predeclared<br/>      3 skipped: parsefail<br/>      1 todo   : NYI<br/>      2 todo   : still fails?<br/></td><td>     6 todo   : TEMP phasers NYI<br/>      2 skipped: binding<br/>      1 skipped: unicode constant name<br/>      1 todo   : constants as type constraints<br/>      3 todo   : COMPILING<br/></td><td>     6 todo   : TEMP phasers NYI<br/>      2 skipped: binding<br/>      1 skipped: unicode constant name<br/>      1 todo   : constants as type constraints<br/>      3 todo   : COMPILING<br/></td><td>     6 todo   : TEMP phasers NYI<br/>      1 todo   : temp + recursion<br/>      1 todo   : temp and recursion<br/>      2 skipped: binding<br/>      1 skipped: unicode constant name<br/>      1 todo   : constants as type constraints<br/>      3 todo   : COMPILING<br/></td></tr>
<tr><td>S04-declarations/our.t</td><td>     1 todo   : our-scoped var in role<br/>      1 skipped: :Perl5<br/>      1 todo   : <br/></td><td></td><td></td><td></td></tr>
<tr><td>S04-phasers/begin.t</td><td>     2 todo   : <br/>      1 skipped: leave<br/>      2 skipped: dubious: noauto<br/>      1 todo   : @!<br/></td><td></td><td></td><td></td></tr>
<tr><td>S04-phasers/eval-in-begin.t</td><td>     2 todo   : no value<br/>      2 skipped: fail NYI<br/>      3 skipped: unspecced<br/>      1 skipped: Excess arguments to EVAL, used 1 of 2 positionals<br/>      6 todo   : block returns no value<br/>      2 todo   : closure for<br/></td><td></td><td></td><td></td></tr>
<tr><td>S04-statement-modifiers/given.t</td><td>     1 todo   : empty list as element not flattened - https://github.com/sorear/niecza/issues/180<br/></td><td></td><td></td><td></td></tr>
<tr><td>S04-statement-modifiers/unless.t</td><td>     1 todo   : empty list as element not flattened - https://github.com/sorear/niecza/issues/180<br/></td><td></td><td></td><td></td></tr>
<tr><td>S04-statements/for-scope.t</td><td>     1 skipped: slice context<br/>      2 todo   : array iterator does not track a growing array<br/>      2 todo   : NYI<br/>      1 todo   : https://github.com/sorear/niecza/issues/180<br/>      5 skipped: Cannot use bind operator with this LHS<br/></td><td></td><td></td><td></td></tr>
<tr><td>S04-statements/repeat.t</td><td>     3 skipped: throws_like<br/>      1 skipped: No value in ANON available for parameter $a<br/></td><td></td><td></td><td></td></tr>
<tr><td>S04-statements/return.t</td><td>     5 skipped: new exception stuff<br/>      2 skipped: === and Nil NYI<br/></td><td></td><td></td><td></td></tr>
<tr><td>S04-blocks-and-statements/pointy.t</td><td></td><td>     1 todo   : pointy blocks and last/redo<br/>      1 todo   : &?ROUTINE<br/></td><td>     1 todo   : pointy blocks and last/redo<br/>      1 todo   : &?ROUTINE<br/></td><td>     1 todo   : pointy blocks and last/redo<br/>      1 todo   : &?ROUTINE<br/></td></tr>
<tr><td>S04-declarations/implicit-parameter.t</td><td></td><td>     2 todo   : pointy blocks and $_<br/>      1 todo   : nom regression<br/>      2 skipped: nom regression, OUR::<br/>      1 skipped: Method 'submethod_table' not found<br/>      1 todo   : previous test skipped<br/>      1 todo   : fails<br/>      1 todo   : our-scoped var in role<br/>      5 skipped: parse error<br/>      1 todo   : embedded closures in regexen<br/>      1 todo   : initialization happens only on first call(?)<br/>      2 skipped: declared variable not visible in block yet<br/>      1 skipped: declared variable not visible in block yet# TODO will init NYI<br/>      1 todo   : will init NYI<br/>      1 todo   : will post NYI<br/>      2 todo   : declared variable not visible in block yet<br/></td><td>     2 todo   : pointy blocks and $_<br/>      1 todo   : nom regression<br/>      2 skipped: nom regression, OUR::<br/>      1 todo   : previous test skipped<br/>      1 todo   : fails<br/>      1 todo   : our-scoped var in role<br/>      5 skipped: parse error<br/>      1 todo   : embedded closures in regexen<br/>      1 todo   : initialization happens only on first call(?)<br/>      2 skipped: declared variable not visible in block yet<br/>      1 skipped: declared variable not visible in block yet# TODO will init NYI<br/>      1 todo   : will init NYI<br/>      1 todo   : will post NYI<br/>      2 todo   : declared variable not visible in block yet<br/></td><td>     2 todo   : pointy blocks and $_<br/>      1 todo   : nom regression<br/>      2 skipped: nom regression, OUR::<br/>      1 todo   : previous test skipped<br/>      1 todo   : fails<br/>      1 todo   : our-scoped var in role<br/>      5 skipped: parse error<br/>      1 todo   : embedded closures in regexen<br/>      1 todo   : initialization happens only on first call(?)<br/>      2 skipped: declared variable not visible in block yet<br/>      1 skipped: declared variable not visible in block yet# TODO will init NYI<br/>      1 todo   : will init NYI<br/>      1 todo   : will post NYI<br/>      2 todo   : declared variable not visible in block yet<br/></td></tr>
<tr><td>S04-exceptions/fail.t</td><td></td><td>     2 skipped: RT 64990<br/></td><td>     2 skipped: RT 64990<br/></td><td>     2 skipped: RT 64990<br/></td></tr>
<tr><td>S04-phasers/end.t</td><td></td><td>     2 todo   : lexicals and EVAL()<br/></td><td>     2 todo   : lexicals and EVAL()<br/></td><td>     2 todo   : lexicals and EVAL()<br/></td></tr>
<tr><td>S04-phasers/enter-leave.t</td><td></td><td>     1 skipped: unwind<br/>      1 skipped: leave NYI<br/>      1 todo   : nigh<br/>      1 todo   : is this spec? why would LEAVE not see outer $!? fossil?<br/></td><td>     1 skipped: leave NYI<br/>      1 todo   : is this spec? why would LEAVE not see outer $!? fossil?<br/></td><td>     1 skipped: leave NYI<br/>      1 todo   : is this spec? why would LEAVE not see outer $!? fossil?<br/></td></tr>
<tr><td>S04-phasers/in-eval.t</td><td></td><td>     1 todo   : not sure<br/></td><td>     1 todo   : not sure<br/></td><td>     1 todo   : not sure<br/></td></tr>
<tr><td>S04-phasers/next.t</td><td></td><td>     1 skipped: leave NYI<br/>      2 todo   : NEXT/LEAVE ordering<br/></td><td>     1 skipped: leave NYI<br/>      2 todo   : NEXT/LEAVE ordering<br/></td><td>     1 skipped: leave NYI<br/>      2 todo   : NEXT/LEAVE ordering<br/></td></tr>
<tr><td>S04-phasers/pre-post.t</td><td></td><td>     1 skipped: POST and exceptions<br/>      1 todo   : POST and exceptions<br/>      1 todo   : nigh<br/></td><td>     1 todo   : POST and exceptions<br/></td><td>     2 todo   : POST and exceptions<br/></td></tr>
<tr><td>S04-phasers/rvalue.t</td><td></td><td>     3 todo   : nigh<br/></td><td></td><td></td></tr>
<tr><td>S04-statements/do.t</td><td></td><td>     1 skipped: last without loop construct<br/>      1 skipped: redo without loop construct<br/>      3 skipped: Undeclared name A<br/>      1 skipped: next without loop construct<br/></td><td>     1 skipped: last without loop construct<br/>      1 skipped: redo without loop construct<br/>      3 skipped: Undeclared name A<br/>      1 skipped: next without loop construct<br/></td><td>     1 skipped: last without loop construct<br/>      1 skipped: redo without loop construct<br/>      3 skipped: Undeclared name A<br/>      1 skipped: next without loop construct<br/></td></tr>
<tr><td>S04-statements/for.t</td><td></td><td>     1 skipped: optional variable in for loop (RT #63994)<br/>      1 skipped: maybe bogus, for loops are not supposed to be lazy?<br/>      2 todo   : RT 113026 array iterator does not track a growing array<br/></td><td>     1 skipped: optional variable in for loop (RT #63994)<br/>      1 skipped: maybe bogus, for loops are not supposed to be lazy?<br/>      2 todo   : RT 113026 array iterator does not track a growing array<br/></td><td>     1 skipped: optional variable in for loop (RT #63994)<br/>      1 skipped: maybe bogus, for loops are not supposed to be lazy?<br/>      2 todo   : RT 113026 array iterator does not track a growing array<br/></td></tr>
<tr><td>S04-statements/gather.t</td><td></td><td>     1 skipped: RT #117635 (infinite loop)<br/>      1 skipped: unwind<br/></td><td>     1 skipped: RT #117635 (infinite loop)<br/></td><td>     1 skipped: RT #117635 (infinite loop)<br/></td></tr>
<tr><td>S04-statements/last.t</td><td></td><td>     2 skipped: last LABEL<br/></td><td>     2 skipped: last LABEL<br/></td><td>     2 skipped: last LABEL<br/></td></tr>
<tr><td>S04-statements/loop.t</td><td></td><td>     1 skipped: unwind<br/></td><td></td><td></td></tr>
<tr><td>S04-statements/next.t</td><td></td><td>     1 skipped: next BLOCK<br/>      1 skipped: next LOOP<br/></td><td>     1 skipped: next BLOCK<br/>      1 skipped: next LOOP<br/></td><td>     1 skipped: next BLOCK<br/>      1 skipped: next LOOP<br/></td></tr>
<tr><td>S04-statements/sink.t</td><td></td><td>     1 todo   : RT #117235<br/></td><td>     1 todo   : RT #117235<br/></td><td>     1 todo   : RT #117235<br/></td></tr>
<tr><td>S04-statements/terminator.t</td><td></td><td>     1 skipped: Method 'substr' not found<br/>      1 todo   : RT 111704<br/></td><td>     1 todo   : RT 111704<br/></td><td>     1 todo   : RT 111704<br/></td></tr>
<tr><td><h3>S05</h3></td></tr>
<tr><td>S05-capture/caps.t</td><td>    12 skipped: conjunctive regex terms - nyi<br/>      2 skipped: Writing to readonly scalar<br/></td><td>     1 todo   : return type of .chunks<br/>      1 todo   : & caps on jvm<br/>      1 todo   : RT117995 - quantified conjunctive capture<br/>      1 todo   : && caps on jvm<br/>      1 todo   : really? :-)<br/>      6 todo   : dubious test<br/>      3 todo   : needs review<br/></td><td>     1 todo   : return type of .chunks<br/>      1 todo   : RT117995 - quantified conjunctive capture<br/>      1 todo   : really? :-)<br/>      6 todo   : dubious test<br/>      3 todo   : needs review<br/></td><td>     1 todo   : return type of .chunks<br/>      1 todo   : RT117995 - quantified conjunctive capture<br/>      1 todo   : really? :-)<br/>      6 todo   : dubious test<br/>      3 todo   : needs review<br/></td></tr>
<tr><td>S05-grammar/action-stubs.t</td><td>     1 skipped: Match.make<br/></td><td></td><td></td><td></td></tr>
<tr><td>S05-grammar/inheritance.t</td><td>     6 skipped: Cannot dispatch to a method on Baz because it is not inherited or done by Cursor<br/>      1 skipped: Cannot dispatch to a method on Foo because it is not inherited or done by Cursor<br/>      4 skipped: Cannot dispatch to a method on Bar because it is not inherited or done by Cursor<br/>      1 todo   : automatic Grammar superclass<br/></td><td>     1 todo   : automatic Grammar superclass<br/></td><td>     1 todo   : automatic Grammar superclass<br/></td><td>     1 todo   : automatic Grammar superclass<br/></td></tr>
<tr><td>S05-grammar/namespace.t</td><td>     1 skipped: Cannot dispatch to a method on GrammarShallow because it is not inherited or done by Cursor<br/>      2 skipped: Unable to resolve method parsefile in class Foo<br/></td><td></td><td></td><td></td></tr>
<tr><td>S05-grammar/protoregex.t</td><td>     4 skipped: Action method assertion:sym<...> not yet implemented<br/>      1 todo   : #89<br/></td><td>     1 todo   : RT120146<br/></td><td>     1 todo   : RT120146<br/></td><td>     1 todo   : RT120146<br/></td></tr>
<tr><td>S05-interpolation/lexicals.t</td><td>     2 skipped: Object reference not set to an instance of an object<br/>      3 skipped: Representation P6cursor does not support attributes<br/>      1 skipped: Cannot cast from source type to destination type.<br/></td><td></td><td></td><td></td></tr>
<tr><td>S05-mass/properties-derived.t</td><td>    22 todo   : <br/></td><td>     7 skipped: isUnassigned not implemented<br/>      6 skipped: icu<br/>     10 skipped: isCommon not implemented<br/>      7 skipped: isGraphemeLink<br/>      7 skipped: isAssigned not implemented<br/>      4 skipped: isAny not implemented<br/>     42 skipped: isOther* not implemented<br/></td><td></td><td>     7 skipped: isUnassigned not implemented<br/>      6 skipped: icu<br/>     10 skipped: isCommon not implemented<br/>      7 skipped: isAssigned not implemented<br/>      4 skipped: isAny not implemented<br/>     42 skipped: isOther* not implemented<br/></td></tr>
<tr><td>S05-mass/properties-general.t</td><td>    10 skipped: No [Lr] property defined<br/></td><td>    10 skipped: No [Lr] property defined<br/>      4 skipped: Uninvestigated nqp-rx regression<br/>      8 skipped: ICU version dependent :(<br/>      3 skipped: \x[FFFE]<br/>      4 skipped: \x[FFFF]<br/>      8 skipped: Malformed UTF-8 string<br/>      3 todo   : Unicode spec change in v6.1<br/></td><td>    10 skipped: No [Lr] property defined<br/>      4 skipped: Uninvestigated nqp-rx regression<br/>      8 skipped: ICU version dependent :(<br/>      3 skipped: \x[FFFE]<br/>      4 skipped: \x[FFFF]<br/>      8 skipped: Malformed UTF-8 string<br/></td><td>    10 skipped: No [Lr] property defined<br/>      4 skipped: Uninvestigated nqp-rx regression<br/>      8 skipped: ICU version dependent :(<br/>      3 skipped: \x[FFFE]<br/>      4 skipped: \x[FFFF]<br/>      8 skipped: Malformed UTF-8 string<br/>      6 todo   : Unicode spec change in v6.1<br/></td></tr>
<tr><td>S05-mass/recursive.t</td><td>     1 skipped: Unable to resolve method alpha in class Cursor<br/>      2 skipped: Dubious test, http://irclog.perlgeek.de/perl6/2012-05-27#i_5643089<br/>     13 skipped: Unable to resolve method wb in class Cursor<br/>      1 skipped: Autoloading NYI<br/>     21 skipped: Action method mod_arg not yet implemented<br/>      2 skipped: Unable to resolve method name in class Cursor<br/>      1 skipped: space between - and [ ] is a problem?<br/>      4 skipped: Unsuppored elements in after list<br/>      2 skipped: +  [ ] fails<br/>      9 todo   : <br/>      3 todo   : ::: issue<br/>      1 todo   : allows them<br/>      2 todo   : :: issues<br/>      1 todo   : undefined capture<br/>      3 todo   : Unable to resolve method cntrl in class Cursor<br/></td><td>     1 skipped: <commit> not implemented<br/>     21 skipped: **{}<br/>      1 skipped: :s()<br/>      1 skipped: closure repetition<br/>      2 skipped: RT 116415<br/>      2 skipped: RT 112454<br/>      2 skipped: ::: NYI<br/>      1 skipped: nom regression<br/>      2 skipped: regex <name><br/>      2 skipped: RT 112450<br/>      1 skipped: parse error<br/>      9 skipped: :: NYI<br/>      3 todo   : <cntrl><br/>      1 todo   : nom regression<br/>      1 todo   : anchors and after<br/></td><td>     1 skipped: <commit> not implemented<br/>     21 skipped: **{}<br/>      1 skipped: :s()<br/>      1 skipped: closure repetition<br/>      2 skipped: RT 116415<br/>      2 skipped: RT 112454<br/>      2 skipped: ::: NYI<br/>      1 skipped: nom regression<br/>      2 skipped: regex <name><br/>      2 skipped: RT 112450<br/>      1 skipped: parse error<br/>      9 skipped: :: NYI<br/>      3 todo   : <cntrl><br/>      1 todo   : nom regression<br/>      1 todo   : anchors and after<br/></td><td>     1 skipped: <commit> not implemented<br/>     21 skipped: **{}<br/>      1 skipped: :s()<br/>      1 skipped: closure repetition<br/>      2 skipped: RT 116415<br/>      2 skipped: RT 112454<br/>      2 skipped: ::: NYI<br/>      1 skipped: nom regression<br/>      2 skipped: regex <name><br/>      2 skipped: RT 112450<br/>      1 skipped: parse error<br/>      9 skipped: :: NYI<br/>      3 todo   : <cntrl><br/>      1 todo   : nom regression<br/>      1 todo   : anchors and after<br/></td></tr>
<tr><td>S05-mass/stdrules.t</td><td>     3 skipped: <at><br/></td><td>    14 skipped: <.print><br/>     14 skipped: <.graph><br/></td><td>    14 skipped: <.print><br/>     14 skipped: <.graph><br/></td><td>    14 skipped: <.print><br/>     14 skipped: <.graph><br/></td></tr>
<tr><td>S05-match/arrayhash.t</td><td>     4 todo   : <br/>      5 todo   : <br/>      2 skipped: rule declaration outside of grammar<br/>      1 skipped: No value for parameter $obj in isa_ok<br/>      1 todo   : match with non-existent capture does not match<br/>      1 todo   : Match object in $/ after match in void context<br/>      1 todo   : eek<br/></td><td></td><td></td><td></td></tr>
<tr><td>S05-match/make.t</td><td>     1 skipped: No value for parameter $a in is_deeply<br/>      4 skipped: Cannot dispatch to a method on GLOBAL::Perl6::Grammar<br/>      1 todo   : empty result<br/></td><td></td><td></td><td></td></tr>
<tr><td>S05-metachars/closure.t</td><td>     5 skipped: assigning to readonly value<br/>      1 todo   : <br/></td><td>     3 skipped: make() inside closure<br/>      5 skipped: assignment to match variables (dubious)<br/></td><td>     3 skipped: make() inside closure<br/>      5 skipped: assignment to match variables (dubious)<br/></td><td>     3 skipped: make() inside closure<br/>      5 skipped: assignment to match variables (dubious)<br/></td></tr>
<tr><td>S05-metachars/tilde.t</td><td>    11 skipped: Unable to resolve method FAILGOAL in class Cursor<br/></td><td>     2 skipped: backtracking to find ~ goal<br/>      3 skipped: exceptions from regexes<br/>      2 skipped: backtracking into ~<br/>      5 skipped: should not throw exceptions<br/></td><td>     2 skipped: backtracking to find ~ goal<br/>      3 skipped: exceptions from regexes<br/>      2 skipped: backtracking into ~<br/>      5 skipped: should not throw exceptions<br/></td><td>     2 skipped: backtracking to find ~ goal<br/>      3 skipped: exceptions from regexes<br/>      2 skipped: backtracking into ~<br/>      5 skipped: should not throw exceptions<br/></td></tr>
<tr><td>S05-metasyntax/angle-brackets.t</td><td>    11 skipped: Action method assertion:sym<*> not yet implemented<br/>      1 skipped: Anonymous submatch returned a Str instead of a Cursor, violating the submatch protocol<br/>      2 skipped: Action method assertion:sym<~~><br/>      2 skipped: Sigil % is not allowed for regex assertions<br/>      3 skipped: Action method assertion:sym<???> not yet implemented<br/>      5 skipped: Unable to resolve method test in class Cursor<br/>      1 todo   : <br/>      1 todo   : <.$foo> syntax placeholder<br/>      1 todo   : string value was cached<br/></td><td>     1 skipped: indirect subrule call not implemented<br/>      1 skipped: <~~ ... ><br/>      2 skipped: <test()> not implemented<br/>      2 skipped: <$subrule> not implemented<br/>      1 skipped: colon arguments not implemented<br/>     11 skipped: <*literal><br/>      1 skipped: <&foo()> not implemented<br/>      2 skipped: angle quotes in regexes<br/>      2 todo   : <%hash> not implemented<br/>      1 todo   : !!! in regexes<br/></td><td>     1 skipped: indirect subrule call not implemented<br/>      1 skipped: <~~ ... ><br/>      2 skipped: <test()> not implemented<br/>      2 skipped: <$subrule> not implemented<br/>      1 skipped: colon arguments not implemented<br/>     11 skipped: <*literal><br/>      1 skipped: <&foo()> not implemented<br/>      2 skipped: angle quotes in regexes<br/>      2 todo   : <%hash> not implemented<br/>      1 todo   : !!! in regexes<br/></td><td>     1 skipped: indirect subrule call not implemented<br/>      1 skipped: <~~ ... ><br/>      2 skipped: <test()> not implemented<br/>      2 skipped: <$subrule> not implemented<br/>      1 skipped: colon arguments not implemented<br/>     11 skipped: <*literal><br/>      1 skipped: <&foo()> not implemented<br/>      2 skipped: angle quotes in regexes<br/>      2 todo   : <%hash> not implemented<br/>      1 todo   : !!! in regexes<br/></td></tr>
<tr><td>S05-metasyntax/charset.t</td><td>     1 todo   : <br/>      1 todo   : gives c123?<br/>      1 todo   : * not yet supported<br/>      1 todo   : ? not yet supported<br/>      1 todo   : ~ not yet supported<br/>      1 todo   : + not yet supported<br/></td><td>     1 skipped: large \x char spec in regex (RT #67122) (noauto)<br/></td><td>     1 skipped: large \x char spec in regex (RT #67122) (noauto)<br/></td><td>     1 skipped: large \x char spec in regex (RT #67122) (noauto)<br/></td></tr>
<tr><td>S05-metasyntax/interpolating-closure.t</td><td>     1 todo   : dunno<br/></td><td>     1 todo   : dunno<br/></td><td>     1 todo   : dunno<br/></td><td></td></tr>
<tr><td>S05-metasyntax/litvar.t</td><td>     1 todo   : <br/>      1 todo   : sequential semantics NYI<br/></td><td></td><td></td><td></td></tr>
<tr><td>S05-metasyntax/longest-alternative.t</td><td>     7 skipped: Regex modifier g not yet implemented<br/>      1 todo   : LTM - literals in tokens<br/>      1 todo   : LTM - longer quantified atom wins against shorter literal (subrules)<br/>      1 todo   : LTM - literals in nested tokens<br/>      1 todo   : implicit <.ws> stops LTM<br/>      1 todo   : LTM only participated up to the LTM stopper :::<br/></td><td>     1 skipped: :::<br/>      2 todo   : LTM - literals in tokens<br/>      1 todo   : LTM - longer quantified atom wins against shorter literal (subrules)<br/>      1 todo   : implicit <.ws> stops LTM<br/></td><td>     1 skipped: :::<br/>      2 todo   : LTM - literals in tokens<br/>      1 todo   : LTM - longer quantified atom wins against shorter literal (subrules)<br/>      1 todo   : implicit <.ws> stops LTM<br/></td><td>     1 skipped: :::<br/>      2 todo   : LTM - literals in tokens<br/>      1 todo   : LTM - longer quantified atom wins against shorter literal (subrules)<br/>      1 todo   : implicit <.ws> stops LTM<br/></td></tr>
<tr><td>S05-metasyntax/null.t</td><td>     2 skipped: Exception NYI<br/>      3 todo   : invalid syntax<br/></td><td></td><td></td><td></td></tr>
<tr><td>S05-metasyntax/sequential-alternation.t</td><td>     2 todo   : sequential alternation NYI<br/></td><td></td><td></td><td></td></tr>
<tr><td>S05-metasyntax/single-quotes.t</td><td>     3 skipped: throws_like<br/>      1 todo   : <br/></td><td></td><td></td><td></td></tr>
<tr><td>S05-modifier/counted-match.t</td><td>     4 skipped: Excess arguments to CORE Cool.match<br/>      6 skipped: hangs<br/>      1 todo   : <br/></td><td>     6 skipped: hangs<br/></td><td>     6 skipped: hangs<br/></td><td>     6 skipped: hangs<br/></td></tr>
<tr><td>S05-modifier/counted.t</td><td>     2 skipped: m:g<br/>      1 todo   : https://github.com/sorear/niecza/issues/186<br/></td><td>     2 todo   : unknown<br/></td><td>     2 todo   : unknown<br/></td><td>     2 todo   : unknown<br/></td></tr>
<tr><td>S05-modifier/ignorecase.t</td><td>     3 todo   : <br/>      1 todo   : NYI<br/></td><td>     2 todo   : ignorecase and SS/&szlig;<br/></td><td>     2 todo   : ignorecase and SS/&szlig;<br/></td><td>     2 todo   : ignorecase and SS/&szlig;<br/></td></tr>
<tr><td>S05-modifier/pos.t</td><td>     4 skipped: :i<br/></td><td>     1 todo   : m:g<br/>      1 todo   : s:pos/// NYI<br/>      1 todo   : m:p:i:g// NYI<br/></td><td>     1 todo   : m:g<br/>      1 todo   : s:pos/// NYI<br/>      1 todo   : m:p:i:g// NYI<br/></td><td>     1 todo   : m:g<br/>      1 todo   : s:pos/// NYI<br/>      1 todo   : m:p:i:g// NYI<br/></td></tr>
<tr><td>S05-substitution/match.t</td><td>     2 skipped: s:g[...] =<br/>      3 skipped: Action method quote:ss not yet implemented<br/>      3 skipped: s[...] op= RHS<br/>      3 skipped: Unable to resolve method postcircumfix:<( )> in type Any<br/>      2 skipped: Regex modifiers ii and samecase NYI<br/>      8 skipped: :samecase NYI<br/>     10 skipped: Cannot assign to $/<br/>      3 todo   : <br/>      3 todo   : :nth(3, 4) NYI<br/>      1 todo   : Niecza works when it shouldn't?<br/>      2 skipped: closures and regexes<br/>      2 skipped: Nominal type check failed for scalar store; got Int, needed Str or subtype<br/>      5 skipped: Action method quote:tr not yet implemented<br/>     11 skipped: trans flags NYI<br/>      1 todo   : <br/>      1 todo   : Not sure what is supposed to be going on here<br/>      1 skipped: Unable to resolve method ord in class Any<br/>      1 todo   : Closure invoked twice<br/>      1 todo   : regex and closure mix (with $/ as topic)<br/>      1 todo   : Closure executed three times<br/>      1 todo   : regex and closure mix (with $/ as topic and capture)<br/>      1 todo   : can use closures in pairs<br/>     16 skipped: NYI<br/>      1 todo   : try interferes with caller counting<br/></td><td>     2 skipped: s:g[...] =<br/>      3 skipped: s[...] op= RHS<br/>      1 todo   : RT #120526<br/>      1 todo   : be smarter about constant detection<br/></td><td>     2 skipped: s:g[...] =<br/>      3 skipped: s[...] op= RHS<br/>      1 todo   : RT #120526<br/>      1 todo   : be smarter about constant detection<br/></td><td>     2 skipped: s:g[...] =<br/>      3 skipped: s[...] op= RHS<br/>      1 todo   : RT #120526<br/>      1 todo   : be smarter about constant detection<br/></td></tr>
<tr><td>S05-capture/match-object.t</td><td></td><td>     1 skipped: No such method pos for invocant of type Any<br/>      1 skipped: Unsupported use of $¢ variable<br/>      1 todo   : Unsupported use of $¢ variable<br/></td><td>     1 skipped: No such method pos for invocant of type Any<br/>      1 skipped: Unsupported use of $¢ variable<br/>      1 todo   : Unsupported use of $¢ variable<br/></td><td>     1 skipped: No such method pos for invocant of type Any<br/>      1 skipped: Unsupported use of $¢ variable<br/>      1 todo   : Unsupported use of $¢ variable<br/></td></tr>
<tr><td>S05-capture/named.t</td><td></td><td>     2 skipped: assigning to match object<br/></td><td>     2 skipped: assigning to match object<br/></td><td>     2 skipped: assigning to match object<br/></td></tr>
<tr><td>S05-grammar/ws.t</td><td></td><td>     2 skipped: infinite loop: RT #64094 (noauto)<br/></td><td>     2 skipped: infinite loop: RT #64094 (noauto)<br/></td><td>     2 skipped: infinite loop: RT #64094 (noauto)<br/></td></tr>
<tr><td>S05-interpolation/regex-in-variable.t</td><td></td><td>     3 skipped: instance member interpolation<br/>      1 todo   : warn on undef<br/></td><td>     3 skipped: instance member interpolation<br/>      1 todo   : warn on undef<br/></td><td>     3 skipped: instance member interpolation<br/>      1 todo   : warn on undef<br/></td></tr>
<tr><td>S05-mass/charsets.t</td><td></td><td>     2 todo   : unicode 6.0 punct characters<br/></td><td></td><td>     1 todo   : unicode 6.0 punct characters<br/>      1 todo   : blank characters<br/>      1 todo   : lower characters<br/>      1 todo   : punct characters<br/></td></tr>
<tr><td>S05-mass/named-chars.t</td><td></td><td>     2 skipped: CR as char name<br/>     62 skipped: negative char class in enumerated list<br/>      2 skipped: NEL as char name<br/>      2 skipped: FF as char name<br/>      4 skipped: \c[LF] not valid charname<br/>      4 skipped: \c[CR] not valid charname<br/>      5 skipped: escapes in char classes<br/>      7 skipped: \c[NEL] not valid charname<br/>      4 skipped: \c[FF] not valid charname<br/>      2 skipped: LF as char name<br/></td><td>     2 skipped: CR as char name<br/>     62 skipped: negative char class in enumerated list<br/>      2 skipped: NEL as char name<br/>      2 skipped: FF as char name<br/>      4 skipped: \c[LF] not valid charname<br/>      4 skipped: \c[CR] not valid charname<br/>      5 skipped: escapes in char classes<br/>      7 skipped: \c[NEL] not valid charname<br/>      4 skipped: \c[FF] not valid charname<br/>      2 skipped: LF as char name<br/></td><td>     2 skipped: CR as char name<br/>     62 skipped: negative char class in enumerated list<br/>      2 skipped: NEL as char name<br/>      2 skipped: FF as char name<br/>      4 skipped: \c[LF] not valid charname<br/>      4 skipped: \c[CR] not valid charname<br/>      5 skipped: escapes in char classes<br/>      7 skipped: \c[NEL] not valid charname<br/>      4 skipped: \c[FF] not valid charname<br/>      2 skipped: LF as char name<br/></td></tr>
<tr><td>S05-mass/properties-script.t</td><td></td><td>    35 skipped: Unicode properties with arguments<br/></td><td>    35 skipped: Unicode properties with arguments<br/></td><td>    35 skipped: Unicode properties with arguments<br/></td></tr>
<tr><td>S05-match/blocks.t</td><td></td><td>     4 todo   : nom regression<br/>      1 todo   : Assignment to matched string affects earlier match objects<br/>      5 skipped: binding to $/<br/>      1 todo   : RT 70007<br/>      4 todo   : nom regression<br/></td><td>     4 todo   : nom regression<br/>      1 todo   : Assignment to matched string affects earlier match objects<br/>      5 skipped: binding to $/<br/>      1 todo   : RT 70007<br/>      4 todo   : nom regression<br/></td><td>     4 todo   : nom regression<br/>      1 todo   : Assignment to matched string affects earlier match objects<br/>      5 skipped: binding to $/<br/>      1 todo   : RT 70007<br/>      4 todo   : nom regression<br/></td></tr>
<tr><td>S05-metasyntax/repeat.t</td><td></td><td>     6 skipped: closure repetition<br/></td><td>     6 skipped: closure repetition<br/></td><td>     6 skipped: closure repetition<br/></td></tr>
<tr><td>S05-metasyntax/unknown.t</td><td></td><td>     1 todo   : RT 74832<br/></td><td>     1 todo   : RT 74832<br/></td><td>     1 todo   : RT 74832<br/></td></tr>
<tr><td>S05-modifier/ii.t</td><td></td><td>     6 todo   : NYI<br/></td><td>     6 todo   : NYI<br/></td><td>     6 todo   : NYI<br/></td></tr>
<tr><td>S05-modifier/overlapping.t</td><td></td><td>     5 skipped: m:overlap// NYI<br/>      6 todo   : m:overlap NYI<br/>      7 todo   : NYI<br/></td><td>     5 skipped: m:overlap// NYI<br/>      6 todo   : m:overlap NYI<br/>      7 todo   : NYI<br/></td><td>     5 skipped: m:overlap// NYI<br/>      6 todo   : m:overlap NYI<br/>      7 todo   : NYI<br/></td></tr>
<tr><td>S05-modifier/perl5_5.t</td><td></td><td>     1 skipped: hangs<br/>      2 todo   : unknown issue<br/>      2 todo   : (?i) and backreferences<br/>      1 todo   : nigh<br/></td><td>     1 skipped: hangs<br/>      2 todo   : unknown issue<br/>      2 todo   : (?i) and backreferences<br/></td><td>     1 skipped: hangs<br/>      2 todo   : unknown issue<br/>      2 todo   : (?i) and backreferences<br/></td></tr>
<tr><td>S05-modifier/perl5_8.t</td><td></td><td>     1 skipped: \G<br/>      6 skipped: character classes in enumerated range<br/>     18 skipped: expensive quantifier<br/>      1 todo   : (?>...) not implemented<br/></td><td>     1 skipped: \G<br/>      6 skipped: character classes in enumerated range<br/>     18 skipped: expensive quantifier<br/>      1 todo   : (?>...) not implemented<br/></td><td>     1 skipped: \G<br/>      6 skipped: character classes in enumerated range<br/>     18 skipped: expensive quantifier<br/>      1 todo   : (?>...) not implemented<br/></td></tr>
<tr><td>S05-modifier/repetition.t</td><td></td><td>     1 todo   : :2x<br/>      1 todo   : :x(2)<br/></td><td>     1 todo   : :2x<br/>      1 todo   : :x(2)<br/></td><td>     1 todo   : :2x<br/>      1 todo   : :x(2)<br/></td></tr>
<tr><td>S05-transliteration/trans.t</td><td></td><td>     2 skipped: closures and regexes<br/>      5 skipped: tr///, feed operator not implemented<br/>     10 todo   : flags<br/>      1 todo   : disambiguate ranges<br/></td><td>     2 skipped: closures and regexes<br/>      5 skipped: tr///, feed operator not implemented<br/>     10 todo   : flags<br/>      1 todo   : disambiguate ranges<br/></td><td>     2 skipped: closures and regexes<br/>      5 skipped: tr///, feed operator not implemented<br/>     10 todo   : flags<br/>      1 todo   : disambiguate ranges<br/></td></tr>
<tr><td>S05-transliteration/with-closure.t</td><td></td><td>     1 skipped: Unable to resolve method ord in class Any<br/>      5 todo   : nom regression<br/></td><td>     1 skipped: Unable to resolve method ord in class Any<br/>      5 todo   : nom regression<br/></td><td>     1 skipped: Unable to resolve method ord in class Any<br/>      5 todo   : nom regression<br/></td></tr>
<tr><td>S05-metachars/newline.t</td><td></td><td></td><td></td><td>     2 todo   : Unicode<br/></td></tr>
<tr><td>S05-metasyntax/delimiters.t</td><td></td><td></td><td></td><td>     1 todo   : dunno<br/></td></tr>
<tr><td><h3>S06</h3></td></tr>
<tr><td>S06-advanced/callframe.t</td><td>     1 skipped: Unable to resolve method inline in type CallFrame<br/>      2 skipped: Unable to resolve method my in type CallFrame<br/>      1 todo   : needs .my<br/></td><td>     1 skipped: Unable to resolve method inline in type CallFrame<br/></td><td>     1 skipped: Unable to resolve method inline in type CallFrame<br/></td><td>     1 skipped: Unable to resolve method inline in type CallFrame<br/></td></tr>
<tr><td>S06-advanced/recurse.t</td><td>     2 skipped: eager NYI<br/>      3 skipped: Excess arguments to return, unused named c<br/>      6 todo   : <br/></td><td></td><td></td><td></td></tr>
<tr><td>S06-currying/assuming-and-mmd.t</td><td>     2 skipped: Unable to resolve method assuming in class Code<br/></td><td></td><td></td><td></td></tr>
<tr><td>S06-currying/mixed.t</td><td>     2 skipped: Unable to resolve method assuming:x<XXX> in class Sub<br/>      1 skipped: Multi colonpair syntax not yet understood<br/>      2 todo   : <br/></td><td></td><td></td><td></td></tr>
<tr><td>S06-multi/by-trait.t</td><td>     1 skipped: Ambiguous dispatch for &uno_mas<br/>      2 todo   : <br/></td><td></td><td></td><td></td></tr>
<tr><td>S06-multi/lexical-multis.t</td><td>     8 skipped: Unhandled exception: Cannot use value like Block as a number<br/>      1 skipped: >>>Stub code executed<br/>      1 skipped: System.NullReferenceException: Object reference not set to an instance of an object<br/>      5 skipped: Illegal redeclaration of routine 'bar'<br/>      2 todo   : <br/>      2 skipped: Ambiguous dispatch for &bar<br/>      1 skipped: No candidates for dispatch to &bar<br/>      1 skipped: Ambiguous dispatch for &baz<br/>      1 skipped: No candidates for dispatch to &baz<br/>      1 skipped: Ambiguous call to &rt68528<br/>      4 todo   : <br/>      3 skipped: Two definitions found for symbol ::GLOBAL::A::&a<br/>      4 skipped: two or more Anys error<br/>      2 skipped: We turned these off because of a niecza bug<br/>      6 skipped: Ambiguous dispatch for &f4<br/>      1 skipped: Ambiguous dispatch for &f2<br/>      1 skipped: no native types yet<br/>     12 skipped: GLOBAL::T does not name any package<br/>      1 skipped: $*ERR is apparently not IO<br/></td><td>     1 todo   : lexical scope as tie breaker<br/></td><td>     1 todo   : lexical scope as tie breaker<br/></td><td>     1 todo   : lexical scope as tie breaker<br/></td></tr>
<tr><td>S06-multi/unpackability.t</td><td>     1 todo   : <br/>      1 todo   : I think niecza may be doing this correctly, but it's hidden in other warnings<br/>      1 skipped: Undeclared routine<br/>      1 skipped: Cannot use hash access on an object of type Array<br/>      2 skipped: No matching candidates to dispatch for &infix:<+><br/>      4 skipped: roles NYI<br/>      2 skipped: Unhandled exception: Malformed block at (eval) line 1<br/>      4 skipped: import NYI<br/>      2 todo   : <br/>      1 todo   : ... was hyperized<br/>      1 todo   : ... with hyperization<br/>      1 todo   : ... basic infix operator overloading worked<br/>      1 todo   : stringification didn't die<br/>      1 todo   : ... worked in array stringification<br/></td><td></td><td></td><td></td></tr>
<tr><td>S06-other/anon-hashes-vs-blocks.t</td><td>     3 skipped: Thinks the block is a hash<br/></td><td></td><td></td><td></td></tr>
<tr><td>S06-other/main-usage.t</td><td>     2 todo   : <br/>      5 todo   : copied nom regression<br/></td><td>     5 todo   : nom regression<br/>      2 todo   : RT 115744<br/></td><td>     5 todo   : nom regression<br/>      2 todo   : RT 115744<br/></td><td>     5 todo   : nom regression<br/>      2 todo   : RT 115744<br/></td></tr>
<tr><td>S06-other/main.t</td><td>     1 todo   : <br/></td><td></td><td></td><td></td></tr>
<tr><td>S06-other/misc.t</td><td>     4 todo   : rw checking<br/></td><td>     2 skipped: maximum recursion depth exceeded<br/>      1 skipped: hangs, probably due to [RT #114134]<br/></td><td>     2 skipped: maximum recursion depth exceeded<br/>      1 skipped: hangs, probably due to [RT #114134]<br/></td><td>     2 skipped: maximum recursion depth exceeded<br/>      1 skipped: hangs, probably due to [RT #114134]<br/></td></tr>
<tr><td>S06-signature/closure-over-parameters.t</td><td>     2 todo   : <br/></td><td></td><td></td><td></td></tr>
<tr><td>S06-signature/defaults.t</td><td>     1 todo   : <br/></td><td></td><td></td><td></td></tr>
<tr><td>S06-signature/introspection.t</td><td>     1 skipped: Abbreviated named parameter must have a name<br/>      5 skipped: Unable to resolve method constraints in class Parameter<br/>     10 skipped: Unhandled trait rwt<br/>      3 skipped: Parameter separator ;  NYI<br/>      6 skipped: Action method fakesignature not yet implemented<br/>      2 skipped: GLOBAL::T does not name any package<br/>      3 todo   : <br/>      1 todo   : Does this test make sense?<br/></td><td>     1 skipped: expected Any but got Mu instead<br/></td><td>     1 skipped: expected Any but got Mu instead<br/></td><td>     1 skipped: expected Any but got Mu instead<br/></td></tr>
<tr><td>S06-signature/mixed-placeholders.t</td><td>     1 skipped: Abbreviated named parameter must have a name<br/>     16 skipped: multiple same-named arguments NYI<br/>      2 skipped: Unhandled trait required<br/>      1 todo   : Renaming a parameter to an existing positional should fail<br/>      2 todo   : sub params with the same name<br/></td><td></td><td></td><td></td></tr>
<tr><td>S06-signature/slurpy-and-interpolation.t</td><td>     1 skipped: Unable to resolve method Capture in type Range<br/>     11 skipped: Unhandled trait of<br/>      2 skipped: Unhandled trait required<br/>      1 todo   : <br/>      3 todo   : *$f slurps everything up<br/>      1 todo   : Types on slurpy params are checked<br/></td><td>    17 skipped: types on slurpy params<br/></td><td>    17 skipped: types on slurpy params<br/></td><td>    17 skipped: types on slurpy params<br/></td></tr>
<tr><td>S06-signature/sub-ref.t</td><td>     4 skipped: macros NYI<br/>      2 todo   : <br/></td><td></td><td></td><td></td></tr>
<tr><td>S06-signature/unpack-array.t</td><td>     2 todo   : https://github.com/sorear/niecza/issues/180<br/></td><td></td><td></td><td></td></tr>
<tr><td>S06-advanced/lexical-subs.t</td><td></td><td>     2 skipped: cannot parse operator names yet<br/></td><td>     2 skipped: cannot parse operator names yet<br/></td><td>     2 skipped: cannot parse operator names yet<br/></td></tr>
<tr><td>S06-advanced/return.t</td><td></td><td>     3 skipped: RT 75118<br/>      1 todo   : RT 61732<br/></td><td>     3 skipped: RT 75118<br/>      1 todo   : RT 61732<br/></td><td>     3 skipped: RT 75118<br/>      1 todo   : RT 61732<br/></td></tr>
<tr><td>S06-advanced/wrap.t</td><td></td><td>     1 skipped: control operator crossed continuation barrier<br/>      1 todo   : RT 70267: call to nextsame with nowhere to go<br/>      1 todo   : RT 77472<br/>      1 todo   : callwith<br/>      2 todo   : temp and wrap<br/></td><td>     1 todo   : RT 70267: call to nextsame with nowhere to go<br/>      1 todo   : RT 77472<br/>      1 todo   : callwith<br/>      2 todo   : temp and wrap<br/></td><td>     1 todo   : RT 70267: call to nextsame with nowhere to go<br/>      1 todo   : RT 77472<br/>      1 todo   : callwith<br/>      2 todo   : temp and wrap<br/></td></tr>
<tr><td>S06-macros/opaque-ast.t</td><td></td><td>     3 skipped: :COMPILING flag<br/>      1 skipped: return from macro<br/></td><td>     3 skipped: :COMPILING flag<br/>      1 skipped: return from macro<br/>      5 tests aborted (missing ok/not ok)<br/>     10 tests aborted (missing ok/not ok)<br/></td><td>     3 skipped: :COMPILING flag<br/>      1 skipped: return from macro<br/></td></tr>
<tr><td>S06-macros/quasi-blocks.t</td><td></td><td>     2 skipped: Method 'succ' not found<br/></td><td></td><td></td></tr>
<tr><td>S06-multi/positional-vs-named.t</td><td></td><td>     2 skipped: slurpy and named interaction<br/></td><td>     2 skipped: slurpy and named interaction<br/></td><td>     2 skipped: slurpy and named interaction<br/></td></tr>
<tr><td>S06-multi/proto.t</td><td></td><td>     5 skipped: redeclaration of routine 'bar'<br/>      1 todo   : operator protos<br/></td><td>     5 skipped: redeclaration of routine 'bar'<br/>      1 todo   : operator protos<br/></td><td>     5 skipped: redeclaration of routine 'bar'<br/>      1 todo   : operator protos<br/></td></tr>
<tr><td>S06-multi/type-based.t</td><td></td><td>     3 skipped: our sub in class<br/></td><td>     3 skipped: our sub in class<br/></td><td>     3 skipped: our sub in class<br/></td></tr>
<tr><td>S06-operator-overloading/methods.t</td><td></td><td>     1 todo   : nom regression<br/></td><td>     1 todo   : nom regression<br/></td><td>     1 todo   : nom regression<br/></td></tr>
<tr><td>S06-operator-overloading/sub.t</td><td></td><td>     1 skipped: missing block, apparently "if" not an op<br/>      2 skipped: not yet implemented<br/>      1 skipped: infix Z will never work; no lexical Z<br/>      1 skipped: &::<br/>      4 skipped: missing block, no lexical Z<br/>      3 skipped: assoc("non")<br/>      2 skipped: macros<br/>      4 skipped: prefix:[] form not implemented<br/>      1 skipped: undeclared name<br/>      1 skipped: cannot bind with this LHS<br/>      1 todo   : infix:<;><br/>      5 todo   : huh?<br/>      1 todo   : RT 65638<br/></td><td>     1 skipped: missing block, apparently "if" not an op<br/>      2 skipped: not yet implemented<br/>      1 skipped: infix Z will never work; no lexical Z<br/>      1 skipped: &::<br/>      4 skipped: missing block, no lexical Z<br/>      3 skipped: assoc("non")<br/>      2 skipped: macros<br/>      4 skipped: prefix:[] form not implemented<br/>      1 skipped: undeclared name<br/>      1 skipped: cannot bind with this LHS<br/>      1 todo   : infix:<;><br/>      5 todo   : huh?<br/>      1 todo   : RT 65638<br/></td><td>     1 skipped: missing block, apparently "if" not an op<br/>      2 skipped: not yet implemented<br/>      1 skipped: infix Z will never work; no lexical Z<br/>      1 skipped: &::<br/>      4 skipped: missing block, no lexical Z<br/>      3 skipped: assoc("non")<br/>      2 skipped: macros<br/>      4 skipped: prefix:[] form not implemented<br/>      1 skipped: undeclared name<br/>      1 skipped: cannot bind with this LHS<br/>      1 todo   : infix:<;><br/>      5 todo   : huh?<br/>      1 todo   : RT 65638<br/></td></tr>
<tr><td>S06-other/main-eval.t</td><td></td><td>     1 todo   : MAIN in EVAL<br/></td><td>     1 todo   : MAIN in EVAL<br/></td><td>     1 todo   : MAIN in EVAL<br/></td></tr>
<tr><td>S06-signature/closure-parameters.t</td><td></td><td>    11 skipped: type syntax parse failure<br/></td><td>    11 skipped: type syntax parse failure<br/></td><td>    11 skipped: type syntax parse failure<br/></td></tr>
<tr><td>S06-signature/code.t</td><td></td><td>     1 todo   : RT 67932<br/></td><td>     1 todo   : RT 67932<br/></td><td>     1 todo   : RT 67932<br/></td></tr>
<tr><td>S06-signature/named-parameters.t</td><td></td><td>     4 skipped: where constraints<br/>      1 skipped: Not enough positional parameters passed; got 0 but expected 1<br/>     16 skipped: multiple same-named arguments NYI<br/></td><td>     4 skipped: where constraints<br/>      1 skipped: Not enough positional parameters passed; got 0 but expected 1<br/>     16 skipped: multiple same-named arguments NYI<br/></td><td>     4 skipped: where constraints<br/>      1 skipped: Not enough positional parameters passed; got 0 but expected 1<br/>     16 skipped: multiple same-named arguments NYI<br/></td></tr>
<tr><td>S06-signature/slurpy-placeholders.t</td><td></td><td>     4 skipped: macros, compile time binding<br/>      2 todo   : RT 63974<br/></td><td>     4 skipped: macros, compile time binding<br/>      2 todo   : RT 63974<br/></td><td>     4 skipped: macros, compile time binding<br/>      2 todo   : RT 63974<br/></td></tr>
<tr><td>S06-signature/tree-node-parameters.t</td><td></td><td>     4 skipped: signature binding of return values NYI<br/></td><td>     4 skipped: signature binding of return values NYI<br/></td><td>     4 skipped: signature binding of return values NYI<br/></td></tr>
<tr><td>S06-signature/type-capture.t</td><td></td><td>     1 skipped: nom regression<br/></td><td>     1 skipped: nom regression<br/></td><td>     1 skipped: nom regression<br/></td></tr>
<tr><td>S06-signature/unpack-object.t</td><td></td><td>     1 todo   : RT 71112: Cannot assign to readonly variable.<br/>      4 todo   : siglist<br/></td><td>     1 todo   : RT 71112: Cannot assign to readonly variable.<br/>      4 todo   : siglist<br/></td><td>     1 todo   : RT 71112: Cannot assign to readonly variable.<br/>      4 todo   : siglist<br/></td></tr>
<tr><td>S06-traits/is-assoc.t</td><td></td><td>     2 skipped: RT 116244<br/>      1 todo   : readonly attributes<br/></td><td>     2 skipped: RT 116244<br/>      1 todo   : readonly attributes<br/></td><td>     2 skipped: RT 116244<br/>      1 todo   : readonly attributes<br/></td></tr>
<tr><td>S06-traits/is-rw.t</td><td></td><td>     1 todo   : Depends on preceding test working<br/>      1 todo   : <br/></td><td>     1 todo   : Depends on preceding test working<br/>      1 todo   : <br/></td><td>     1 todo   : Depends on preceding test working<br/>      1 todo   : <br/></td></tr>
<tr><td>S06-traits/misc.t</td><td></td><td>     2 todo   : is readonly does not override<br/></td><td>     2 todo   : is readonly does not override<br/></td><td>     2 todo   : is readonly does not override<br/></td></tr>
<tr><td>S06-traits/precedence.t</td><td></td><td>     1 todo   : changing precedence of already declared op<br/></td><td>     1 todo   : changing precedence of already declared op<br/></td><td>     1 todo   : changing precedence of already declared op<br/></td></tr>
<tr><td><h3>S09</h3></td></tr>
<tr><td>S09-autovivification/autoincrement.t</td><td>     1 skipped: No value for parameter \$other in CORE Any.isa<br/>      1 skipped: Unable to resolve method unshift in class Any<br/>      4 skipped: Unable to resolve method push in class Any<br/>      1 todo   : <br/>      2 skipped: hangs<br/>      2 skipped: Unable to locate module PM6 in @path<br/>      1 skipped: Unable to find lexical $?PACKAGE in pkg<br/>      2 skipped: Nominal type check failed in binding $l in infix:<===>; got My74592, needed Any<br/>     10 skipped: Exception not defined<br/>      3 skipped: Export tags NYI<br/>      1 skipped: AlsoEmpty undeclared (ie no autovivification, I guess)<br/>      5 todo   : <br/></td><td>     1 skipped: isa multi variant<br/>      2 todo   : autoviv, binding<br/>      2 todo   : unknown<br/></td><td>     1 skipped: isa multi variant<br/>      2 todo   : autoviv, binding<br/>      2 todo   : unknown<br/></td><td>     1 skipped: isa multi variant<br/>      2 todo   : autoviv, binding<br/>      2 todo   : unknown<br/></td></tr>
<tr><td>S09-hashes/objecthash.t</td><td></td><td>     6 skipped: oh noes, it dies<br/></td><td>     6 skipped: oh noes, it dies<br/></td><td>     6 skipped: oh noes, it dies<br/></td></tr>
<tr><td>S09-subscript/slice.t</td><td></td><td>     2 skipped: #120383<br/>      2 skipped: RT 61844<br/></td><td>     2 skipped: #120383<br/>      2 skipped: RT 61844<br/></td><td>     2 skipped: #120383<br/>      2 skipped: RT 61844<br/></td></tr>
<tr><td>S09-typed-arrays/arrays.t</td><td></td><td>     1 skipped: nested typechecks are borked<br/>      1 skipped: type on our-variables<br/>      1 skipped: initialization<br/>      1 todo   : need parameterized Lists<br/>      2 todo   : nested typechecks are borked<br/>      2 todo   : no parametrization<br/></td><td>     1 skipped: nested typechecks are borked<br/>      1 skipped: type on our-variables<br/>      1 skipped: initialization<br/>      1 todo   : need parameterized Lists<br/>      2 todo   : nested typechecks are borked<br/>      2 todo   : no parametrization<br/></td><td>     1 skipped: nested typechecks are borked<br/>      1 skipped: type on our-variables<br/>      1 skipped: initialization<br/>      1 todo   : need parameterized Lists<br/>      2 todo   : nested typechecks are borked<br/>      2 todo   : no parametrization<br/></td></tr>
<tr><td><h3>S12</h3></td></tr>
<tr><td>S12-attributes/augment-and-initialization.t</td><td>     2 skipped: Unable to resolve method t in class T1<br/>      4 todo   : <br/></td><td></td><td></td><td></td></tr>
<tr><td>S12-attributes/class.t</td><td>     2 skipped: Two definitions of method b<br/>      8 skipped: method ^foo<br/>      4 skipped: Exception<br/>      2 todo   : Exception: Representation P6cursor does not support cloning<br/></td><td>     6 skipped: nom regression - method ^foo<br/></td><td>     6 skipped: nom regression - method ^foo<br/></td><td>     6 skipped: nom regression - method ^foo<br/></td></tr>
<tr><td>S12-attributes/defaults.t</td><td>     2 skipped: 'self' used where no object is available<br/></td><td></td><td></td><td></td></tr>
<tr><td>S12-attributes/inheritance.t</td><td>     1 skipped: Unable to resolve method of in class Array<br/>      2 skipped: Unhandled parameter twigil .<br/>      1 skipped: Attribute $!x declared outside of any class<br/>      1 skipped: Unable to resolve method of in class Hash<br/>      1 skipped: self closure<br/>      3 skipped: Variable $.a used where no self is available<br/>      2 todo   : original not affected<br/>      7 todo   : <br/>      2 todo   : ro array/hash with accessor<br/>      4 todo   : typed arrays<br/>      2 todo   : ro on list attributes<br/></td><td>     1 skipped: dubious test - the initializer becomes a submethod here, implying a scope<br/>      2 todo   : ro array/hash with accessor<br/>      1 todo   : over-eager auto-vivification bugs<br/>      1 todo   : huh?<br/>      2 todo   : ro on list attributes<br/></td><td>     1 skipped: dubious test - the initializer becomes a submethod here, implying a scope<br/>      2 todo   : ro array/hash with accessor<br/>      1 todo   : over-eager auto-vivification bugs<br/>      1 todo   : huh?<br/>      2 todo   : ro on list attributes<br/></td><td>     1 skipped: dubious test - the initializer becomes a submethod here, implying a scope<br/>      2 todo   : ro array/hash with accessor<br/>      1 todo   : over-eager auto-vivification bugs<br/>      1 todo   : huh?<br/>      2 todo   : ro on list attributes<br/></td></tr>
<tr><td>S12-attributes/recursive.t</td><td>     8 skipped: A type must be provided ???<br/>      2 todo   : https://github.com/sorear/niecza/issues/183<br/></td><td></td><td></td><td></td></tr>
<tr><td>S12-class/anonymous.t</td><td>     2 todo   : <br/></td><td>     1 todo   : Anonymous class stringification (?)<br/></td><td>     1 todo   : Anonymous class stringification (?)<br/></td><td>     1 todo   : Anonymous class stringification (?)<br/></td></tr>
<tr><td>S12-class/attributes.t</td><td>     1 skipped: Unhandled exception: Unable to resolve method ctxzyg in type Method<br/>      6 skipped: Unhandled parameter twigil !<br/>      1 skipped: $b declared but not used. FIXME later.<br/></td><td>     1 skipped: Cannot use .= to initialize an attribute<br/></td><td>     1 skipped: Cannot use .= to initialize an attribute<br/></td><td>     1 skipped: Cannot use .= to initialize an attribute<br/></td></tr>
<tr><td>S12-class/basic.t</td><td>     3 skipped: No value for parameter \$expected in Test is<br/>      1 skipped: Methods must be used in some kind of package<br/>      2 todo   : <br/>      1 todo   : Exception: Unable to resolve method add_method in type ClassHOW<br/></td><td>     3 skipped: Calling is will never work with argument types (Foo)<br/>      1 skipped: RT #67784<br/></td><td>     3 skipped: Calling is will never work with argument types (Foo)<br/>      1 skipped: RT #67784<br/></td><td>     3 skipped: Calling is will never work with argument types (Foo)<br/>      1 skipped: RT #67784<br/></td></tr>
<tr><td>S12-class/inheritance.t</td><td>     1 skipped: Unable to resolve method parents in class ClassHOW<br/>      2 skipped: Pathed definitions require our scope<br/></td><td></td><td></td><td></td></tr>
<tr><td>S12-class/instantiate.t</td><td>     2 skipped: Exception NYI<br/>      1 todo   : <br/></td><td>     1 todo   : error reporting<br/></td><td>     1 todo   : error reporting<br/></td><td>     1 todo   : error reporting<br/></td></tr>
<tr><td>S12-class/mro.t</td><td>     1 skipped: .^mro<br/></td><td></td><td></td><td></td></tr>
<tr><td>S12-class/namespaced.t</td><td>     2 skipped: Cannot dispatch to a method on D because it is not inherited or done by Cursor<br/></td><td></td><td></td><td></td></tr>
<tr><td>S12-class/self-inheritance.t</td><td>     1 todo   : broken in nom-derived stub model<br/>      1 todo   : <br/>      1 todo   : Worrisome<br/>      2 skipped: System.NullReferenceException: Object reference not set to an instance of an object<br/>      3 skipped: Malformed has (int NYI, I think)<br/></td><td></td><td></td><td></td></tr>
<tr><td>S12-construction/new.t</td><td>     1 skipped: Without previous line, this is a disaster<br/>      1 skipped: dies more thoroughly than okay<br/>      1 skipped: Cannot call new; none of these signatures match<br/>      1 skipped: No candidates for dispatch to new<br/>     10 todo   : <br/>      1 skipped: nonworking<br/>      5 skipped: enummish but<br/>      1 skipped: Enum must have at least one value<br/>      1 todo   : Enum must have at least one value<br/></td><td>     9 todo   : parent attributes in initialization<br/>      1 todo   : nested package handling does't quite get this one right<br/></td><td>     9 todo   : parent attributes in initialization<br/>      1 todo   : nested package handling does't quite get this one right<br/></td><td>     9 todo   : parent attributes in initialization<br/>      1 todo   : nested package handling does't quite get this one right<br/></td></tr>
<tr><td>S12-enums/misc.t</td><td>     1 skipped: No value for parameter $key in CORE CommonEnum.postcircumfix:<( )><br/>      1 todo   : <br/></td><td>     1 skipped: RT 63826<br/></td><td>     1 skipped: RT 63826<br/></td><td>     1 skipped: RT 63826<br/></td></tr>
<tr><td>S12-enums/non-int.t</td><td>     2 todo   : <br/></td><td>     1 todo   : NYI<br/></td><td>     1 todo   : NYI<br/></td><td>     1 todo   : NYI<br/></td></tr>
<tr><td>S12-introspection/WHAT.t</td><td>    24 skipped: no typed support<br/>      1 todo   : <br/>     11 skipped: No match<br/>      1 todo   : <br/>      1 todo   : .can returns something Positional<br/>      2 todo   : <br/></td><td>     3 todo   : of Type on scalars fails<br/>      4 todo   : Foo[Int].new on scalars fails<br/>      1 todo   : Foo[Int,Str].new on scalars fails<br/>      2 todo   : looks like a type object, but is not<br/>      2 todo   : %h{Str} of Int fails<br/></td><td>     3 todo   : of Type on scalars fails<br/>      4 todo   : Foo[Int].new on scalars fails<br/>      1 todo   : Foo[Int,Str].new on scalars fails<br/>      2 todo   : looks like a type object, but is not<br/>      2 todo   : %h{Str} of Int fails<br/></td><td>     3 todo   : of Type on scalars fails<br/>      4 todo   : Foo[Int].new on scalars fails<br/>      1 todo   : Foo[Int,Str].new on scalars fails<br/>      2 todo   : looks like a type object, but is not<br/>      2 todo   : %h{Str} of Int fails<br/></td></tr>
<tr><td>S12-methods/class-and-instance.t</td><td>     2 todo   : https://github.com/sorear/niecza/issues/185<br/></td><td></td><td></td><td></td></tr>
<tr><td>S12-methods/how.t</td><td>    15 skipped: Two definitions found for symbol ::GLOBAL::T4::&m, etc<br/>      2 skipped: Invocant handling is NYI<br/>      6 skipped: Unable to resolve method postcircumfix:<( )> in class Array<br/></td><td></td><td></td><td></td></tr>
<tr><td>S12-methods/lvalue.t</td><td>     1 skipped: Invocant handling is NYI<br/>      9 skipped: ambiguous<br/>      2 skipped: No candidates for dispatch to C.foo<br/>      3 skipped: NYI dottyop form .*<br/>      1 skipped: Exception NYI<br/>      1 todo   : depends on previous test<br/>      1 todo   : This test is pretty dubious IMO<br/></td><td></td><td></td><td></td></tr>
<tr><td>S12-methods/parallel-dispatch.t</td><td>    11 skipped: NYI dottyop form<br/>      1 skipped: Cannot use hash access on an object of type Pair<br/>      1 skipped: === Nil NYI<br/>      2 skipped: throws_like NYI<br/>      1 todo   : role private methods - spec?<br/></td><td>     1 skipped: No such method postcircumfix:<( )> for invocant of type Pair<br/>      5 todo   : is_deeply does not think map results are the same as list on LHS<br/></td><td>     1 skipped: No such method postcircumfix:<( )> for invocant of type Pair<br/>      5 todo   : is_deeply does not think map results are the same as list on LHS<br/></td><td>     1 skipped: No such method postcircumfix:<( )> for invocant of type Pair<br/>      5 todo   : is_deeply does not think map results are the same as list on LHS<br/></td></tr>
<tr><td>S12-methods/submethods.t</td><td>     4 todo   : <br/></td><td>     2 skipped: outer lexicals in roles<br/>      4 skipped: roles and submethods<br/></td><td>     2 skipped: outer lexicals in roles<br/>      4 skipped: roles and submethods<br/></td><td>     2 skipped: outer lexicals in roles<br/>      4 skipped: roles and submethods<br/></td></tr>
<tr><td>S12-methods/syntax.t</td><td>     1 skipped: Excess arguments to Any.map, used 2 of 4 positionals<br/>      3 skipped: Interaction between semiargs and args is not understood<br/></td><td>     3 skipped: switch-from-paren-to-listop form<br/>      1 skipped: adverbial closures<br/></td><td>     3 skipped: switch-from-paren-to-listop form<br/>      1 skipped: adverbial closures<br/></td><td>     3 skipped: switch-from-paren-to-listop form<br/>      1 skipped: adverbial closures<br/></td></tr>
<tr><td>S12-subset/multi-dispatch.t</td><td>     6 skipped: Object reference not set to an instance of an object<br/>      1 skipped: Exceptions not supported<br/>      3 skipped: $n has already been used as a non-placeholder in the surrounding block<br/>      4 skipped: Pathed definitions require our scope<br/>      3 todo   : <br/></td><td></td><td></td><td></td></tr>
<tr><td>S12-attributes/clone.t</td><td></td><td>     2 todo   : clone currently messes up original<br/></td><td>     2 todo   : clone currently messes up original<br/></td><td>     2 todo   : clone currently messes up original<br/></td></tr>
<tr><td>S12-attributes/mutators.t</td><td></td><td>     7 skipped: Can not get attribute $!varies declared in class MagicVal with this object<br/></td><td>     7 skipped: Can not get attribute $!varies declared in class MagicVal with this object<br/></td><td>     7 skipped: Can not get attribute $!varies declared in class MagicVal with this object<br/></td></tr>
<tr><td>S12-class/augment-supersede.t</td><td></td><td>     2 skipped: redeclaration of symbol Bar<br/></td><td>     2 skipped: redeclaration of symbol Bar<br/></td><td>     2 skipped: redeclaration of symbol Bar<br/></td></tr>
<tr><td>S12-class/stubs.t</td><td></td><td>     1 todo   : nom regression<br/></td><td>     1 todo   : nom regression<br/></td><td>     1 todo   : nom regression<br/></td></tr>
<tr><td>S12-construction/BUILD.t</td><td></td><td>     1 todo   : method BUILD should warn<br/></td><td>     1 todo   : method BUILD should warn<br/></td><td>     1 todo   : method BUILD should warn<br/></td></tr>
<tr><td>S12-construction/autopairs.t</td><td></td><td>     2 todo   : nom regression<br/></td><td>     2 todo   : nom regression<br/></td><td>     2 todo   : nom regression<br/></td></tr>
<tr><td>S12-enums/basic.t</td><td></td><td>     5 skipped: Cannot convert string to number<br/></td><td>     5 skipped: Cannot convert string to number<br/></td><td>     5 skipped: Cannot convert string to number<br/></td></tr>
<tr><td>S12-enums/thorough.t</td><td></td><td>     2 skipped: NYI<br/>     16 skipped: does &day::("Tue")<br/>      2 skipped: does day::Tue<br/></td><td>     2 skipped: NYI<br/>     16 skipped: does &day::("Tue")<br/>      2 skipped: does day::Tue<br/></td><td>     2 skipped: NYI<br/>     16 skipped: does &day::("Tue")<br/>      2 skipped: does day::Tue<br/></td></tr>
<tr><td>S12-introspection/attributes.t</td><td></td><td>     5 skipped: :tree not implemented for .^attributes<br/></td><td>     5 skipped: :tree not implemented for .^attributes<br/></td><td>     5 skipped: :tree not implemented for .^attributes<br/></td></tr>
<tr><td>S12-introspection/meta-class.t</td><td></td><td>     1 skipped: .layout<br/>      1 skipped: .version, version number parsing<br/>      1 skipped: precedence of prefix:<^><br/>      1 skipped: precedence of HOW<br/></td><td>     1 skipped: .layout<br/>      1 skipped: .version, version number parsing<br/>      1 skipped: precedence of prefix:<^><br/>      1 skipped: precedence of HOW<br/></td><td>     1 skipped: .layout<br/>      1 skipped: .version, version number parsing<br/>      1 skipped: precedence of prefix:<^><br/>      1 skipped: precedence of HOW<br/></td></tr>
<tr><td>S12-introspection/methods.t</td><td></td><td>    11 skipped: nom regression<br/>      2 todo   : nom regression<br/></td><td>    11 skipped: nom regression<br/>      2 todo   : nom regression<br/></td><td>    11 skipped: nom regression<br/>      2 todo   : nom regression<br/></td></tr>
<tr><td>S12-introspection/parents.t</td><td></td><td>     4 skipped: .^roles(:tree)<br/></td><td>     4 skipped: .^roles(:tree)<br/></td><td>     4 skipped: .^roles(:tree)<br/></td></tr>
<tr><td>S12-methods/calling_sets.t</td><td></td><td>    11 skipped: ambiguous dispatch<br/></td><td>    11 skipped: ambiguous dispatch<br/></td><td>    11 skipped: ambiguous dispatch<br/></td></tr>
<tr><td>S12-methods/defer-next.t</td><td></td><td>     1 todo   : variant of RT 69608<br/></td><td>     1 todo   : variant of RT 69608<br/></td><td>     1 todo   : variant of RT 69608<br/></td></tr>
<tr><td>S12-methods/indirect_notation.t</td><td></td><td>     6 skipped: .@foo not yet working<br/>     15 skipped: .*, .+ and .? with @foo<br/>      2 skipped: TTIAR near $o:<br/>      2 skipped: indirect object notation<br/></td><td>     6 skipped: .@foo not yet working<br/>     15 skipped: .*, .+ and .? with @foo<br/>      2 skipped: TTIAR near $o:<br/>      2 skipped: indirect object notation<br/></td><td>     6 skipped: .@foo not yet working<br/>     15 skipped: .*, .+ and .? with @foo<br/>      2 skipped: TTIAR near $o:<br/>      2 skipped: indirect object notation<br/></td></tr>
<tr><td>S12-methods/method-vs-sub.t</td><td></td><td>     1 skipped: confused near "($obj:),  "<br/></td><td>     1 skipped: confused near "($obj:),  "<br/></td><td>     1 skipped: confused near "($obj:),  "<br/></td></tr>
<tr><td>S12-methods/multi.t</td><td></td><td>     2 skipped: proto does not promote to multi<br/>      3 skipped: unknown bug<br/>      1 todo   : RT 66006<br/></td><td>     2 skipped: proto does not promote to multi<br/>      3 skipped: unknown bug<br/>      1 todo   : RT 66006<br/></td><td>     2 skipped: proto does not promote to multi<br/>      3 skipped: unknown bug<br/>      1 todo   : RT 66006<br/></td></tr>
<tr><td>S12-subset/subtypes.t</td><td></td><td>     2 todo   : RT 79160<br/></td><td>     2 todo   : RT 79160<br/></td><td>     2 todo   : RT 79160<br/></td></tr>
<tr><td><h3>S13</h3></td></tr>
<tr><td>S13-overloading/operators.t</td><td>     4 skipped: No value for parameter $capture in TypeCastSub.postcircumfix:<( )><br/></td><td>     1 skipped: cannot easily override {} at the moment<br/></td><td>     1 skipped: cannot easily override {} at the moment<br/></td><td>     1 skipped: cannot easily override {} at the moment<br/></td></tr>
<tr><td>S13-type-casting/methods.t</td><td>     4 skipped: this test makes not much sense: noauto<br/>      2 skipped: coercion syntax<br/>      1 todo   : Stringy<br/></td><td>     1 skipped: anonymous roles only created once<br/>      2 todo   : nigh<br/></td><td>     1 skipped: anonymous roles only created once<br/></td><td></td></tr>
<tr><td>S13-overloading/typecasting-long.t</td><td></td><td>     8 skipped: cannot easily override {} at the moment<br/>      4 skipped: cannot easily override [] at the moment<br/></td><td>     8 skipped: cannot easily override {} at the moment<br/>      4 skipped: cannot easily override [] at the moment<br/></td><td>     8 skipped: cannot easily override {} at the moment<br/>      4 skipped: cannot easily override [] at the moment<br/></td></tr>
<tr><td>S13-overloading/typecasting-mixed.t</td><td></td><td>     4 skipped: cannot easily override {} at the moment<br/>      3 skipped: cannot easily override [] at the moment<br/>      4 todo   : cannot easily override {} at the moment<br/>      1 todo   : cannot easily override [] at the moment<br/></td><td>     4 skipped: cannot easily override {} at the moment<br/>      3 skipped: cannot easily override [] at the moment<br/>      4 todo   : cannot easily override {} at the moment<br/>      1 todo   : cannot easily override [] at the moment<br/></td><td>     4 skipped: cannot easily override {} at the moment<br/>      3 skipped: cannot easily override [] at the moment<br/>      4 todo   : cannot easily override {} at the moment<br/>      1 todo   : cannot easily override [] at the moment<br/></td></tr>
<tr><td>S13-overloading/typecasting-short.t</td><td></td><td>     4 skipped: cannot easily override {} at the moment<br/>      3 skipped: cannot easily override [] at the moment<br/>      4 todo   : cannot easily override {} at the moment<br/>      1 todo   : cannot easily override [] at the moment<br/></td><td>     4 skipped: cannot easily override {} at the moment<br/>      3 skipped: cannot easily override [] at the moment<br/>      4 todo   : cannot easily override {} at the moment<br/>      1 todo   : cannot easily override [] at the moment<br/></td><td>     4 skipped: cannot easily override {} at the moment<br/>      3 skipped: cannot easily override [] at the moment<br/>      4 todo   : cannot easily override {} at the moment<br/>      1 todo   : cannot easily override [] at the moment<br/></td></tr>
<tr><td><h3>S14</h3></td></tr>
<tr><td>S14-roles/anonymous.t</td><td>     1 skipped: roles are run once and only capture the protopad<br/>      1 todo   : This is being misinterpreted as an initial value<br/></td><td></td><td></td><td>     1 skipped: anonymous roles only created once<br/></td></tr>
<tr><td>S14-roles/attributes.t</td><td>     1 skipped: Unhandled exception: Attribute %!e in C6 is defined in C6 but not R6<br/>      1 skipped: Unable to resolve method x in type AccessesAttr<br/></td><td>     2 skipped: review test and rakudo<br/></td><td>     2 skipped: review test and rakudo<br/></td><td>     2 skipped: review test and rakudo<br/></td></tr>
<tr><td>S14-roles/mixin.t</td><td>     1 skipped: Unable to resolve method methods in class ClassHOW<br/>      1 skipped: Twigil ! is only valid on attribute definitions<br/>      2 skipped: Can only provide exactly one initial value to a mixin<br/>      1 skipped: NYI dottyop form .+<br/>      1 skipped: NYI dottyop form .*<br/>      2 skipped: Trait does not available on variables<br/></td><td>     2 skipped: mixin at the point of declaration is compile time<br/>      1 skipped: Twigil ! is only valid on attribute definitions<br/></td><td>     2 skipped: mixin at the point of declaration is compile time<br/>      1 skipped: Twigil ! is only valid on attribute definitions<br/></td><td>     2 skipped: mixin at the point of declaration is compile time<br/>      1 skipped: Twigil ! is only valid on attribute definitions<br/></td></tr>
<tr><td>S14-roles/basic.t</td><td></td><td>     3 skipped: RT 67768<br/>      1 todo   : nom regression<br/>      1 todo   : can see it in the position, but even STD message doesn't include it<br/></td><td>     3 skipped: RT 67768<br/>      1 todo   : nom regression<br/>      1 todo   : can see it in the position, but even STD message doesn't include it<br/></td><td>     3 skipped: RT 67768<br/>      1 todo   : nom regression<br/>      1 todo   : can see it in the position, but even STD message doesn't include it<br/></td></tr>
<tr><td>S14-roles/composition.t</td><td></td><td>     2 skipped: diamond composition<br/></td><td>     2 skipped: diamond composition<br/></td><td>     2 skipped: diamond composition<br/></td></tr>
<tr><td>S14-roles/namespaced.t</td><td></td><td>     1 todo   : nom regression<br/></td><td>     1 todo   : nom regression<br/></td><td>     1 todo   : nom regression<br/></td></tr>
<tr><td>S14-roles/parameterized-mixin.t</td><td></td><td>     4 todo   : .does with parametric roles<br/></td><td>     4 todo   : .does with parametric roles<br/></td><td>     4 todo   : .does with parametric roles<br/></td></tr>
<tr><td>S14-roles/parameterized-type.t</td><td></td><td>     1 skipped: cannot easily override [] at the moment<br/></td><td>     1 skipped: cannot easily override [] at the moment<br/></td><td>     1 skipped: cannot easily override [] at the moment<br/></td></tr>
<tr><td>S14-traits/routines.t</td><td></td><td>     1 todo   : trait mod / .wrap interaction<br/></td><td></td><td>     1 todo   : trait mod / .wrap interaction<br/></td></tr>
<tr><td>S14-traits/attributes.t</td><td></td><td></td><td>     5 tests aborted (missing ok/not ok)<br/></td><td></td></tr>
<tr><td><h3>S16</h3></td></tr>
<tr><td>S16-filehandles/filetest.t</td><td>     9 skipped: Asynchronous programming NYI exception generated<br/>      1 skipped: .s NYI<br/>      2 todo   : <br/>      5 skipped: :bin NYI<br/>      3 skipped: Not yet able to open both :r and :w<br/>      2 skipped: IO.close<br/>     14 skipped: open does not yet produce an IO object<br/>      5 skipped: IO.ins NYI<br/></td><td>     9 skipped: :M, :C, :A<br/></td><td>     9 skipped: :M, :C, :A<br/></td><td>     9 skipped: :M, :C, :A<br/></td></tr>
<tr><td>S16-filehandles/open.t</td><td>     1 skipped: open('nonexisting') => undefined is waiting on 'use fatal'<br/></td><td>     1 skipped: open('nonexisting') => undefined is waiting on 'use fatal'<br/></td><td>     1 skipped: open('nonexisting') => undefined is waiting on 'use fatal'<br/></td><td>     1 skipped: open('nonexisting') => undefined is waiting on 'use fatal'<br/></td></tr>
<tr><td>S16-io/bare-say.t</td><td>     1 todo   : <br/></td><td>     3 todo   : nom regression<br/>      2 todo   : bare say<br/></td><td>     3 todo   : nom regression<br/>      2 todo   : bare say<br/></td><td>     3 todo   : nom regression<br/>      2 todo   : bare say<br/></td></tr>
<tr><td>S16-io/basic-open.t</td><td>     1 skipped: TextReader.eof NYI<br/></td><td></td><td></td><td></td></tr>
<tr><td>S16-io/print.t</td><td>     2 todo   : <br/></td><td></td><td></td><td></td></tr>
<tr><td>S16-filehandles/chmod.t</td><td></td><td>     3 skipped: :r :w :x can accidentally work with root permission<br/></td><td>     3 skipped: :r :w :x can accidentally work with root permission<br/></td><td>     3 skipped: :r :w :x can accidentally work with root permission<br/></td></tr>
<tr><td>S16-filehandles/io.t</td><td></td><td>     1 skipped: :rw on open() unimplemented<br/></td><td>     1 skipped: :rw on open() unimplemented<br/></td><td>     1 skipped: :rw on open() unimplemented<br/></td></tr>
<tr><td>S16-filehandles/mkdir_rmdir.t</td><td></td><td>     1 skipped: deviation from spec because we do not have sink yet<br/></td><td>     1 skipped: deviation from spec because we do not have sink yet<br/></td><td>     1 skipped: deviation from spec because we do not have sink yet<br/></td></tr>
<tr><td>S16-filehandles/unlink.t</td><td></td><td>     1 skipped: implicit closure of file handle at scope exit not implemented (FAILS ON WINDOWS) (noauto)<br/></td><td>     1 skipped: implicit closure of file handle at scope exit not implemented (FAILS ON WINDOWS) (noauto)<br/></td><td>     1 skipped: implicit closure of file handle at scope exit not implemented (FAILS ON WINDOWS) (noauto)<br/></td></tr>
<tr><td>S16-io/getc.t</td><td></td><td>     1 skipped: Method 'read' not found<br/></td><td></td><td></td></tr>
<tr><td>S16-unfiled/rebindstdhandles.t</td><td></td><td>     2 skipped: contextual rebinding regression<br/></td><td>     2 skipped: contextual rebinding regression<br/></td><td>     2 skipped: contextual rebinding regression<br/></td></tr>
<tr><td><h3>S28</h3></td></tr>
<tr><td>S28-named-variables/inc.t</td><td>     1 todo   : <br/></td><td></td><td></td><td></td></tr>
<tr><td><h3>S29</h3></td></tr>
<tr><td>S29-context/die.t</td><td>     2 skipped: test needs rewriting, EVAL does not catch exceptions<br/>      1 skipped: int NYI<br/>      1 skipped: method form of EVAL does not see outer lexicals<br/>      1 skipped: Unable to resolve method encode in class Str<br/>      1 todo   : No :lang argument yet...<br/></td><td></td><td></td><td></td></tr>
<tr><td>S29-conversions/ord_and_chr.t</td><td>     4 skipped: chr handling of invalid code-points<br/>      1 skipped: multi-arg variants of chr not in place yet<br/>      1 todo   : <br/></td><td>     1 skipped: high character name lookup<br/>      1 todo   : RT #65172 - combining graphemes<br/></td><td>     1 todo   : RT #65172 - combining graphemes<br/>      5 tests aborted (missing ok/not ok)<br/></td><td>     1 todo   : RT #65172 - combining graphemes<br/></td></tr>
<tr><td>S29-any/isa.t</td><td></td><td>     1 todo   : RT #67374<br/></td><td>     1 todo   : RT #67374<br/></td><td>     1 todo   : RT #67374<br/></td></tr>
<tr><td>S29-context/eval.t</td><td></td><td>     1 skipped: EVAL(Buf)<br/>      2 skipped: EVAL coerce to string<br/></td><td>     1 skipped: EVAL(Buf)<br/>      2 skipped: EVAL coerce to string<br/></td><td>     1 skipped: EVAL(Buf)<br/>      2 skipped: EVAL coerce to string<br/></td></tr>
<tr><td>S29-os/system.t</td><td></td><td>     1 skipped: run() broken (and test questionable<br/>      1 todo   : nigh<br/></td><td></td><td>     1 skipped: run() broken (and test questionable<br/></td></tr>
<tr><td><h3>S32</h3></td></tr>
<tr><td>S32-array/elems.t</td><td>     1 todo   : <br/></td><td></td><td></td><td></td></tr>
<tr><td>S32-array/pairs.t</td><td>     1 skipped: may run forever<br/>      4 skipped: undeclared name Failure<br/>      1 todo   : https://github.com/sorear/niecza/issues/184<br/></td><td>     1 todo   : Apparently not rw yet?<br/></td><td>     1 todo   : Apparently not rw yet?<br/></td><td>     1 todo   : Apparently not rw yet?<br/></td></tr>
<tr><td>S32-array/rotate.t</td><td>     3 skipped: undeclared name Failure<br/></td><td></td><td></td><td></td></tr>
<tr><td>S32-array/unshift.t</td><td>     1 todo   : https://github.com/sorear/niecza/issues/184<br/>      1 todo   : <br/>      1 todo   : quietly NYI<br/>      4 skipped: SetHash<br/>      4 skipped: BagHash<br/></td><td>     1 todo   : nom regression<br/>      1 todo   : quietly<br/></td><td>     1 todo   : nom regression<br/>      1 todo   : quietly<br/></td><td>     1 todo   : nom regression<br/>      1 todo   : quietly<br/></td></tr>
<tr><td>S32-container/zip.t</td><td>     2 skipped: Unable to resolve method LISTSTORE in class List<br/>      2 skipped: Slicel lists are NYI<br/>      1 skipped: Invocant handling is NYI<br/></td><td>     2 skipped: lvalue zip<br/></td><td>     2 skipped: lvalue zip<br/>      1 skipped: RT 114134<br/>     14 skipped: wrong exception type<br/>      3 skipped: still handled by <special_var><br/>      3 skipped: LTA error<br/>      1 skipped: parsing regression<br/></td><td>     2 skipped: lvalue zip<br/></td></tr>
<tr><td>S32-hash/invert.t</td><td>     2 todo   : Cannot use value like Pair as a number<br/></td><td>     1 todo   : nom regression<br/></td><td>     1 todo   : nom regression<br/></td><td>     1 todo   : nom regression<br/></td></tr>
<tr><td>S32-hash/keys_values.t</td><td>     4 todo   : <br/>      2 todo   : aliases should be rw<br/></td><td></td><td></td><td></td></tr>
<tr><td>S32-hash/slice.t</td><td>     3 skipped: Excess arguments to CORE List.new, used 1 of 3 positionals<br/>     10 todo   : <br/>      1 todo   : Writing to readonly scalar<br/></td><td>    11 todo   : binding on hash elements unimplemented<br/></td><td>    11 todo   : binding on hash elements unimplemented<br/></td><td>    11 todo   : binding on hash elements unimplemented<br/></td></tr>
<tr><td>S32-io/copy.t</td><td>    24 skipped: Unable to resolve method s in class IO<br/></td><td></td><td></td><td></td></tr>
<tr><td>S32-io/dir.t</td><td>     4 skipped: Grepping Str against a list of IO::Path does not work<br/></td><td></td><td></td><td></td></tr>
<tr><td>S32-io/file-tests.t</td><td>    12 skipped: Unable to resolve method s in class IO<br/></td><td></td><td></td><td></td></tr>
<tr><td>S32-io/io-path.t</td><td>     2 skipped: .parent NYI<br/>      2 skipped: is-absolute NYI<br/>      1 skipped: IO::Handle still called IO<br/>      2 skipped: .is-absolute, .is-relative NYI<br/></td><td></td><td></td><td></td></tr>
<tr><td>S32-io/note.t</td><td>     1 todo   : Str.note NYI<br/></td><td>     1 todo   : nom regression<br/></td><td>     1 todo   : nom regression<br/></td><td>     1 todo   : nom regression<br/></td></tr>
<tr><td>S32-io/slurp.t</td><td>     1 skipped: slurp(filehandle) doesn't work<br/>      3 skipped: :bin option for slurp fails<br/>      3 skipped: :enc option for slurp fails<br/>      1 todo   : feature<br/>      3 skipped: Cannot use bind operator with this LHS<br/>      1 todo   : feature<br/></td><td></td><td></td><td></td></tr>
<tr><td>S32-list/create.t</td><td>     3 skipped: Excess arguments to List.new, used 1 of 4 positionals<br/></td><td></td><td></td><td></td></tr>
<tr><td>S32-list/end.t</td><td>     1 skipped: Unable to resolve method end in class Int<br/></td><td></td><td></td><td></td></tr>
<tr><td>S32-list/first.t</td><td>     2 skipped: No value for parameter Mu $filter in CORE Any.first<br/>      2 skipped: https://github.com/sorear/niecza/issues/183<br/></td><td>     2 skipped: adverbial block<br/></td><td>     2 skipped: adverbial block<br/></td><td>     2 skipped: adverbial block<br/></td></tr>
<tr><td>S32-list/grep.t</td><td>    12 skipped: No value for parameter Mu $sm in Any.grep<br/>      6 skipped: Invocant handling is NYI<br/>      1 skipped: No value for parameter $b in ANON<br/></td><td>     6 skipped: closure as non-final argument<br/>      1 skipped: RT 71544: grep arity sensitivity different from map<br/>      2 skipped: test error -- is $_ rw here?<br/>     12 skipped: adverbial block<br/></td><td>     6 skipped: closure as non-final argument<br/>      1 skipped: RT 71544: grep arity sensitivity different from map<br/>      2 skipped: test error -- is $_ rw here?<br/>     12 skipped: adverbial block<br/></td><td>     6 skipped: closure as non-final argument<br/>      1 skipped: RT 71544: grep arity sensitivity different from map<br/>      2 skipped: test error -- is $_ rw here?<br/>     12 skipped: adverbial block<br/></td></tr>
<tr><td>S32-list/map.t</td><td>     1 skipped: No value for parameter $e in ANON<br/>      2 skipped: Invocant handling is NYI<br/>      2 skipped: No value for parameter $func in Any.map<br/>      1 skipped: No value for parameter $b in ANON<br/>      1 todo   : <br/>      1 todo   : https://github.com/sorear/niecza/issues/182<br/></td><td>     4 skipped: adverbial block; RT #53804<br/>      2 skipped: closure as non-final argument<br/>      2 skipped: adverbial block<br/></td><td>     4 skipped: adverbial block; RT #53804<br/>      2 skipped: closure as non-final argument<br/>      2 skipped: adverbial block<br/></td><td>     4 skipped: adverbial block; RT #53804<br/>      2 skipped: closure as non-final argument<br/>      2 skipped: adverbial block<br/></td></tr>
<tr><td>S32-list/pick.t</td><td>     1 skipped: ().pick === Nil<br/>      1 skipped: n-ary reduce<br/></td><td>     1 todo   : error on pick :replace<br/>      1 todo   : n-ary reduce<br/></td><td>     1 todo   : error on pick :replace<br/>      1 todo   : n-ary reduce<br/></td><td>     1 todo   : error on pick :replace<br/>      1 todo   : n-ary reduce<br/></td></tr>
<tr><td>S32-list/reverse.t</td><td>     1 skipped: Unable to resolve method reverse in class Parcel<br/>      4 skipped: Iterable NYI<br/></td><td>     1 todo   : RT 77914<br/></td><td>     1 todo   : RT 77914<br/>      1 tests aborted (missing ok/not ok)<br/>      1 skipped: closure as non-final argument<br/>      2 skipped: determine behavior of 0-arity methods passed to sort<br/>      1 todo   : method fallback to sub unimpl<br/></td><td>     1 todo   : RT 77914<br/></td></tr>
<tr><td>S32-list/roll.t</td><td>     1 skipped: That's not the right way to spawn another Niecza<br/>      1 skipped: .roll on empty list<br/></td><td>     1 skipped: closure as non-final argument<br/>      2 skipped: determine behavior of 0-arity methods passed to sort<br/>      1 todo   : method fallback to sub unimpl<br/></td><td></td><td>     1 skipped: closure as non-final argument<br/>      2 skipped: determine behavior of 0-arity methods passed to sort<br/>      1 todo   : method fallback to sub unimpl<br/></td></tr>
<tr><td>S32-list/sort.t</td><td>     2 skipped: determine behavior of 0-arity methods passed to sort<br/>      1 skipped: err, what?<br/>      1 skipped: Invocant handling is NYI<br/>      1 todo   : Is this test actually testing for correct behavior?<br/>      3 todo   : Niecza's sort is not stable<br/></td><td></td><td></td><td></td></tr>
<tr><td>S32-num/base.t</td><td>     4 skipped: Rat.base NYI<br/></td><td></td><td></td><td></td></tr>
<tr><td>S32-num/complex.t</td><td>    10 skipped: NYI<br/></td><td></td><td></td><td></td></tr>
<tr><td>S32-num/cool-num.t</td><td>     8 skipped: roots NYI<br/>      4 skipped: angle conversion<br/>      2 skipped: coercion would discard nonzero imaginary part<br/>      1 todo   : <br/></td><td>     4 skipped: angle conversion<br/></td><td>     4 skipped: angle conversion<br/></td><td>     4 skipped: angle conversion<br/></td></tr>
<tr><td>S32-num/int.t</td><td>     3 skipped: 0x, 0d, and 0o NYI<br/>      1 skipped: trailing d produces a failure<br/></td><td>     2 skipped: trailing characters produce failures<br/>      1 skipped: Inf and NaN NYI for Int<br/>      2 todo   : Inf and NaN NYI for Int<br/></td><td>     2 skipped: trailing characters produce failures<br/>      3 todo   : Inf and NaN NYI for Int<br/></td><td>     2 skipped: trailing characters produce failures<br/>      3 todo   : Inf and NaN NYI for Int<br/></td></tr>
<tr><td>S32-num/power.t</td><td>     3 skipped: Slow and wrong<br/>      2 todo   : complex NaN stringy<br/>      1 todo   : #87<br/>      4 skipped: throws_like<br/>      1 skipped: Test is too slow<br/>      3 skipped: No value for parameter $n in CORE Rat.new<br/>      2 skipped: Unable to resolve method nude in class Num<br/>      5 todo   : <br/></td><td>     1 skipped: NaN**1i should be NaN<br/>      1 skipped: i<br/>      1 skipped: NaN**0 should be NaN<br/>      1 skipped: 1i**NaN should be NaN<br/></td><td>     1 skipped: NaN**1i should be NaN<br/>      1 skipped: i<br/>      1 skipped: NaN**0 should be NaN<br/>      1 skipped: 1i**NaN should be NaN<br/></td><td>     1 skipped: NaN**1i should be NaN<br/>      1 skipped: i<br/>      1 skipped: NaN**0 should be NaN<br/>      1 skipped: 1i**NaN should be NaN<br/>      3 todo   : Simple bigint optimizations NYI<br/></td></tr>
<tr><td>S32-num/rounders.t</td><td>     1 todo   : rounding with Num makes more rounding errors<br/></td><td>     1 todo   : nigh<br/></td><td></td><td></td></tr>
<tr><td>S32-num/sign.t</td><td>     1 skipped: #90<br/>      2 todo   : <br/></td><td>     1 skipped: Test is kind of doubtful IMO -- colomon<br/>      1 todo   : Nom does not yet have a NaN framework in place<br/></td><td>     1 skipped: Test is kind of doubtful IMO -- colomon<br/>      1 todo   : Nom does not yet have a NaN framework in place<br/></td><td>     1 skipped: Test is kind of doubtful IMO -- colomon<br/>      1 todo   : Nom does not yet have a NaN framework in place<br/></td></tr>
<tr><td>S32-scalar/defined.t</td><td>     6 skipped: huh?<br/>      8 skipped: fun with undefine<br/>     10 skipped: unspeclike use of %MY::<br/>      4 skipped: push does not vivify<br/>      1 todo   : <br/>      1 todo   : definedness of hash<br/>      1 todo   : definedness of array<br/>      1 todo   : dubious<br/>      2 todo   : huh?<br/></td><td></td><td></td><td></td></tr>
<tr><td>S32-str/capitalize.t</td><td>     2 todo   : wordcase somewhat stupid right now<br/>      2 todo   : charspec<br/></td><td>     2 todo   : graphemes results wrong<br/></td><td>     2 todo   : graphemes results wrong<br/></td><td>     2 skipped: related to RT #117889<br/>      2 todo   : graphemes results wrong<br/></td></tr>
<tr><td>S32-str/comb.t</td><td>     5 skipped: Huh?<br/>      1 skipped: :Perl5<br/>      2 todo   : charspec<br/></td><td>     1 skipped: cannot call match, no signature matches<br/>      2 todo   : graphemes not implemented<br/></td><td>     1 skipped: cannot call match, no signature matches<br/>      2 todo   : graphemes not implemented<br/></td><td>     1 skipped: cannot call match, no signature matches<br/>      2 todo   : graphemes not implemented<br/></td></tr>
<tr><td>S32-str/flip.t</td><td>     2 todo   : graphemes not implemented<br/>      1 skipped: weird scalar input<br/>      1 skipped: todo<br/>      2 todo   : <br/></td><td>     2 todo   : graphemes not implemented<br/>      1 skipped: coercion to Int<br/></td><td>     2 todo   : graphemes not implemented<br/>      1 skipped: coercion to Int<br/></td><td>     2 todo   : graphemes not implemented<br/>      1 skipped: coercion to Int<br/></td></tr>
<tr><td>S32-str/index.t</td><td>     2 skipped: StrPos<br/></td><td>     2 skipped: StrPos not implemented<br/></td><td>     2 skipped: StrPos not implemented<br/></td><td>     2 skipped: StrPos not implemented<br/></td></tr>
<tr><td>S32-str/lc.t</td><td>     1 todo   : advanced Unicode wizardry<br/>      2 skipped: "abcdef" > 4 makes niecza unhappy<br/>     15 skipped: .graphs NYI<br/></td><td></td><td></td><td></td></tr>
<tr><td>S32-str/numeric.t</td><td>    41 todo   : Failure<br/></td><td>     1 skipped: NYI<br/>      5 todo   : Failure<br/>      1 todo   : complex Str.Numeric<br/></td><td>     1 skipped: NYI<br/>      5 todo   : Failure<br/>      1 todo   : complex Str.Numeric<br/></td><td>     1 skipped: NYI<br/>      5 todo   : Failure<br/>      1 todo   : complex Str.Numeric<br/></td></tr>
<tr><td>S32-str/split-simple.t</td><td>     4 skipped: niecza has empty value at beginning of list<br/>      4 skipped: 0 or negative does not return empty list<br/>      2 todo   : returning 2 element list<br/></td><td>     1 todo   : RT 112868<br/></td><td>     1 todo   : RT 112868<br/></td><td>     1 todo   : RT 112868<br/></td></tr>
<tr><td>S32-str/split.t</td><td>     1 skipped: Unable to resolve method null in class Cursor<br/>      2 skipped: Unable to resolve method wb in class Cursor<br/>     14 skipped: rx:Perl5<br/>      1 todo   : 2 element list<br/>      4 todo   : split on empty string has leading empty elements<br/></td><td>     1 skipped: No such method null for invocant of type Cursor<br/></td><td>     1 skipped: No such method null for invocant of type Cursor<br/></td><td>     1 skipped: No such method null for invocant of type Cursor<br/></td></tr>
<tr><td>S32-str/sprintf.t</td><td>     1 skipped: Date NYI<br/>      1 skipped: dubious test - should be testing exception type, not string. Niecza does respond with an appropriate, but differently worded string<br/>      1 todo   : buggy<br/></td><td>    10 skipped: Issues with Inf<br/>      1 skipped: %p doesn't yet throw exception - but should it, or just Failure?<br/>      3 skipped: java.lang.NumberFormatException<br/>      2 todo   : buggy<br/></td><td>    10 skipped: Issues with Inf<br/>      1 skipped: %p doesn't yet throw exception - but should it, or just Failure?<br/>      2 todo   : buggy<br/></td><td>    10 skipped: Issues with Inf<br/>      1 skipped: %p doesn't yet throw exception - but should it, or just Failure?<br/>      2 skipped: sprintf hangs when printing Inf/-Inf<br/>      1 todo   : sprintf prints numbers before NaN<br/>      2 todo   : buggy<br/></td></tr>
<tr><td>S32-str/substr-rw.t</td><td>     4 todo   : <br/></td><td>    12 todo   : NYI<br/>      3 skipped: java.nio.charset.MalformedInputException<br/>     28 skipped: No support for StrPos<br/>      1 skipped: lvalue substr<br/>      7 skipped: too many args<br/></td><td>    12 todo   : NYI<br/>     28 skipped: No support for StrPos<br/>      1 skipped: lvalue substr<br/>      7 skipped: too many args<br/></td><td>    12 todo   : NYI<br/>     28 skipped: No support for StrPos<br/>      1 skipped: lvalue substr<br/>      7 skipped: too many args<br/></td></tr>
<tr><td>S32-str/substr.t</td><td>     1 skipped: 'Failure' used at line 244<br/>     29 skipped: StrPos tests broken<br/>      2 todo   : <br/>      2 todo   : substr bug<br/></td><td></td><td></td><td></td></tr>
<tr><td>S32-str/uc.t</td><td>     1 todo   : German language weirdness<br/></td><td>     4 skipped: but RoleName<br/></td><td>     4 skipped: but RoleName<br/></td><td>     4 skipped: but RoleName<br/></td></tr>
<tr><td>S32-str/words.t</td><td>     1 todo   : extra .list on the lhs<br/>      2 todo   : charspec<br/></td><td>     2 skipped: graphemes not implemented<br/></td><td>     2 skipped: graphemes not implemented<br/>      1 skipped: nom regression<br/>      1 todo   : high-precision Instants NYI (need FatRats)<br/></td><td>     2 skipped: graphemes not implemented<br/>      1 skipped: nom regression<br/>      4 todo   : high-precision Instants NYI (need FatRats)<br/></td></tr>
<tr><td>S32-trig/cosech.t</td><td>     2 todo   : Inf results wrong<br/></td><td></td><td></td><td></td></tr>
<tr><td>S32-trig/cosh.t</td><td>     2 todo   : Inf results wrong<br/></td><td></td><td></td><td></td></tr>
<tr><td>S32-trig/cotanh.t</td><td>     2 todo   : Inf results wrong<br/></td><td></td><td></td><td></td></tr>
<tr><td>S32-trig/sech.t</td><td>     2 todo   : Inf results wrong<br/></td><td></td><td></td><td></td></tr>
<tr><td>S32-trig/sinh.t</td><td>     2 todo   : Inf results wrong<br/></td><td></td><td></td><td></td></tr>
<tr><td>S32-trig/tanh.t</td><td>     2 todo   : Inf results wrong<br/>      3 skipped: Unable to resolve method reverse in class Parcel<br/>      1 todo   : <br/>      1 skipped: Feed ops NYI<br/>      4 todo   : <br/>      1 todo   : https://github.com/sorear/niecza/issues/180<br/>      2 todo   : Get Capture, not array<br/>      2 skipped: hangs<br/>      1 skipped: Unable to resolve method push in class Any<br/>      1 todo   : sort order incorrect.<br/>      3 todo   : unknown<br/></td><td>     1 skipped: groupless gather/take<br/>      2 todo   : unknown<br/>      3 todo   : unknown<br/></td><td>     1 skipped: groupless gather/take<br/>      2 todo   : unknown<br/>      3 todo   : unknown<br/></td><td>     1 skipped: groupless gather/take<br/>      2 todo   : unknown<br/>      3 todo   : unknown<br/>      1 todo   : autovivification<br/></td></tr>
<tr><td>S32-array/splice.t</td><td></td><td>     1 todo   : slice bug<br/></td><td>     1 todo   : slice bug<br/></td><td>     1 todo   : slice bug<br/></td></tr>
<tr><td>S32-container/roundrobin.t</td><td></td><td>     1 todo   : over-flattening<br/></td><td>     1 todo   : over-flattening<br/></td><td>     1 todo   : over-flattening<br/></td></tr>
<tr><td>S32-exceptions/misc.t</td><td></td><td>     1 skipped: RT 114134<br/>      3 skipped: still handled by <special_var><br/>      3 skipped: LTA error<br/>      1 skipped: parsing regression<br/></td><td></td><td>     1 skipped: RT 114134<br/>      3 skipped: still handled by <special_var><br/>      3 skipped: LTA error<br/>      1 skipped: parsing regression<br/></td></tr>
<tr><td>S32-hash/exists.t</td><td></td><td>     1 skipped: unspecced<br/></td><td>     1 skipped: unspecced<br/></td><td>     1 skipped: unspecced<br/></td></tr>
<tr><td>S32-hash/pairs.t</td><td></td><td>     1 todo   : Rakudo seems to make a copy rather than a reference<br/></td><td>     1 todo   : Rakudo seems to make a copy rather than a reference<br/></td><td>     1 todo   : Rakudo seems to make a copy rather than a reference<br/></td></tr>
<tr><td>S32-io/IO-Socket-INET.t</td><td></td><td>    41 skipped: rakudo.jvm systemic failures/OOM error<br/></td><td>    41 skipped: rakudo.jvm systemic failures/OOM error<br/></td><td>    41 skipped: rakudo.jvm systemic failures/OOM error<br/></td></tr>
<tr><td>S32-io/chdir.t</td><td></td><td>     2 skipped: spec non-conformance due to missing sink context<br/></td><td>     2 skipped: spec non-conformance due to missing sink context<br/></td><td>     2 skipped: spec non-conformance due to missing sink context<br/></td></tr>
<tr><td>S32-io/io-path-cygwin.t</td><td></td><td>     2 skipped: On-system tests for filetest inheritance<br/>      1 todo   : resolve NYI, needs nqp::readlink<br/></td><td>     2 skipped: On-system tests for filetest inheritance<br/>      1 todo   : resolve NYI, needs nqp::readlink<br/></td><td>     2 skipped: On-system tests for filetest inheritance<br/>      1 todo   : resolve NYI, needs nqp::readlink<br/></td></tr>
<tr><td>S32-io/io-path-unix.t</td><td></td><td>     1 todo   : resolve NYI, needs nqp::readlink<br/></td><td>     1 todo   : resolve NYI, needs nqp::readlink<br/></td><td>     1 todo   : resolve NYI, needs nqp::readlink<br/></td></tr>
<tr><td>S32-io/io-path-win.t</td><td></td><td>     2 skipped: On-system tests for filetest inheritance<br/>      1 todo   : resolve NYI, needs nqp::readlink<br/></td><td>     2 skipped: On-system tests for filetest inheritance<br/>      1 todo   : resolve NYI, needs nqp::readlink<br/></td><td>     2 skipped: On-system tests for filetest inheritance<br/>      1 todo   : resolve NYI, needs nqp::readlink<br/></td></tr>
<tr><td>S32-io/io-spec-cygwin.t</td><td></td><td>     2 skipped: cygwin on-platform tests<br/>      3 skipped: Win32ish on-platform tests<br/></td><td>     2 skipped: cygwin on-platform tests<br/>      3 skipped: Win32ish on-platform tests<br/></td><td>     2 skipped: cygwin on-platform tests<br/>      3 skipped: Win32ish on-platform tests<br/></td></tr>
<tr><td>S32-list/classify.t</td><td></td><td>     3 skipped: Cannot use bind operator with this LHS<br/></td><td>     3 skipped: Cannot use bind operator with this LHS<br/></td><td>     3 skipped: Cannot use bind operator with this LHS<br/></td></tr>
<tr><td>S32-num/fatrat.t</td><td></td><td>     2 skipped: FatRat arith + type objects<br/>      1 todo   : unknown<br/></td><td>     2 skipped: FatRat arith + type objects<br/>      1 todo   : unknown<br/></td><td>     2 skipped: FatRat arith + type objects<br/>      1 todo   : unknown<br/></td></tr>
<tr><td>S32-num/log.t</td><td></td><td>     1 todo   : HugeInt.log<br/></td><td>     1 todo   : HugeInt.log<br/></td><td>     1 todo   : HugeInt.log<br/></td></tr>
<tr><td>S32-num/rand.t</td><td></td><td>     1 skipped: Test is too slow<br/></td><td>     1 skipped: Test is too slow<br/></td><td>     1 skipped: Test is too slow<br/></td></tr>
<tr><td>S32-num/rat.t</td><td></td><td>     1 skipped: RT 74648<br/>      4 todo   : <1/3> literal should be Rat<br/></td><td>     1 skipped: RT 74648<br/>      4 todo   : <1/3> literal should be Rat<br/></td><td>     1 skipped: RT 74648<br/>      4 todo   : <1/3> literal should be Rat<br/></td></tr>
<tr><td>S32-num/sqrt.t</td><td></td><td>     4 skipped: big stuff<br/>     11 todo   : Complex.perl<br/></td><td>     4 skipped: big stuff<br/>     11 todo   : Complex.perl<br/></td><td>     4 skipped: big stuff<br/>     11 todo   : Complex.perl<br/></td></tr>
<tr><td>S32-scalar/perl.t</td><td></td><td>     2 todo   : cannot roundtrip constrained scalars yet<br/>     10 skipped: Cannot use bind operator with this left-hand side<br/>      6 skipped: access to &your_sub<br/>      1 todo   : definedness of hash<br/>      2 todo   : todo: lists, defined, truthness<br/>      1 todo   : definedness of array<br/></td><td>     2 todo   : cannot roundtrip constrained scalars yet<br/>     10 skipped: Cannot use bind operator with this left-hand side<br/>      6 skipped: access to &your_sub<br/>      1 todo   : definedness of hash<br/>      2 todo   : todo: lists, defined, truthness<br/>      1 todo   : definedness of array<br/></td><td>     2 todo   : cannot roundtrip constrained scalars yet<br/>     10 skipped: Cannot use bind operator with this left-hand side<br/>      6 skipped: access to &your_sub<br/>      1 todo   : definedness of hash<br/>      2 todo   : todo: lists, defined, truthness<br/>      1 todo   : definedness of array<br/></td></tr>
<tr><td>S32-str/encode.t</td><td></td><td>     1 skipped: We do not handle NDF yet<br/></td><td>     1 skipped: We do not handle NDF yet<br/></td><td>     1 skipped: We do not handle NDF yet<br/></td></tr>
<tr><td>S32-str/tclc.t</td><td></td><td>     1 todo   : nigh<br/></td><td></td><td>     1 todo   : unknown tclc problem<br/></td></tr>
<tr><td>S32-temporal/DateTime-Instant-Duration.t</td><td></td><td>     1 skipped: nom regression<br/>      4 todo   : high-precision Instants NYI (need FatRats)<br/></td><td></td><td></td></tr>
<tr><td>S32-temporal/DateTime.t</td><td></td><td>     1 todo   : nom regression<br/></td><td>     1 todo   : nom regression<br/></td><td>     1 todo   : nom regression<br/></td></tr>
<tr><td>S32-temporal/local.t</td><td></td><td>    19 skipped: The local time zone may not be America/New_York.<br/></td><td>    19 skipped: The local time zone may not be America/New_York.<br/></td><td>    19 skipped: The local time zone may not be America/New_York.<br/></td></tr>
<tr><td><h3>integration</h3></td></tr>
<tr><td>integration/99problems-31-to-40.t</td><td>     1 skipped: No Benchmark module yet<br/>      1 skipped: Test(s) not yet written: (**) Generate-and-test paradigm<br/>      1 skipped: Test(s) not yet written: (**) Construct height-balanced binary trees with a given number of nodes<br/>      1 skipped: Test(s) not yet written: (**) Tree construction from a node string<br/>      1 skipped: Test(s) not yet written: (**) Dotstring representation of binary trees<br/>      1 skipped: Test(s) not yet written: (***) Layout a binary tree (3)<br/>      1 skipped: Test(s) not yet written: (**) A string representation of binary trees<br/>      1 skipped: Test(s) not yet written: (**) Construct a complete binary tree<br/>      1 skipped: Test(s) not yet written: (**) Preorder and inorder sequences of binary trees<br/></td><td>     1 skipped: No Benchmark module yet<br/></td><td>     1 skipped: No Benchmark module yet<br/></td><td>     1 skipped: No Benchmark module yet<br/></td></tr>
<tr><td>integration/advent2009-day02.t</td><td>     1 skipped: invalid format specifier<br/>      2 todo   : junction match fails<br/></td><td></td><td></td><td></td></tr>
<tr><td>integration/advent2009-day06.t</td><td>     1 todo   : <br/></td><td>     1 todo   : Cannot assign to readonly value<br/></td><td>     1 todo   : Cannot assign to readonly value<br/></td><td>     1 todo   : Cannot assign to readonly value<br/></td></tr>
<tr><td>integration/advent2009-day07.t</td><td>     1 skipped: Excess arguments to CORE Any.map, used 2 of 4 positionals<br/></td><td>     1 skipped: No candidates found to invoke<br/></td><td>     1 skipped: No candidates found to invoke<br/></td><td>     1 skipped: No candidates found to invoke<br/></td></tr>
<tr><td>integration/advent2009-day08.t</td><td>     1 todo   : Capturing arbitrary named parameters as hash<br/>      1 todo   : Capturing arbitrary named parameters<br/></td><td></td><td></td><td></td></tr>
<tr><td>integration/advent2009-day22.t</td><td>     1 skipped: No candidates for dispatch to &infix:<==><br/></td><td></td><td></td><td></td></tr>
<tr><td>integration/advent2009-day23.t</td><td>     1 skipped: hangs<br/></td><td>     1 skipped: lists aren't properly lazy in Rakudo yet<br/></td><td>     1 skipped: lists aren't properly lazy in Rakudo yet<br/></td><td>     1 skipped: lists aren't properly lazy in Rakudo yet<br/></td></tr>
<tr><td>integration/code-blocks-as-sub-args.t</td><td>     3 skipped: sub ucfirst($thing) is export(:DEFAULT) blows up<br/>      1 skipped: Unable to resolve method backtrace in type Str<br/>      2 todo   : <br/></td><td></td><td></td><td></td></tr>
<tr><td>integration/passing-pair-class-to-sub.t</td><td>     1 todo   : Buffer bitops NYI<br/>      1 todo   : Suspect test<br/>     10 tests aborted (missing ok/not ok)<br/></td><td></td><td></td><td></td></tr>
<tr><td>integration/substr-after-match-in-gather-in-for.t</td><td>     3 skipped: todo<br/>      1 todo   : <br/></td><td></td><td></td><td></td></tr>
<tr><td>integration/99problems-41-to-50.t</td><td></td><td>     1 skipped: Test(s) not yet written: (*) Truth tables for logical expressions (2).<br/>      1 skipped: s:P5///<br/>      4 skipped: Shaped variable declarations<br/>      1 skipped: Test(s) not yet written: (**) Truth tables for logical expressions (3).<br/>      1 todo   : making Parcel.reverse return a Parcel seems to break this<br/>      1 skipped: Test(s) not yet written: (**) Generate-and-test paradigm<br/>      1 skipped: Test(s) not yet written: (**) Construct height-balanced binary trees with a given number of nodes<br/>      1 skipped: Test(s) not yet written: (**) Tree construction from a node string<br/>      1 skipped: Test(s) not yet written: (**) Dotstring representation of binary trees<br/>      1 skipped: Test(s) not yet written: (***) Layout a binary tree (3)<br/>      1 skipped: Test(s) not yet written: (**) A string representation of binary trees<br/>      1 skipped: Test(s) not yet written: (**) Preorder and inorder sequences of binary trees<br/>      1 skipped: Test(s) not yet written: (**) Construct a complete binary tree<br/></td><td>     1 skipped: Test(s) not yet written: (*) Truth tables for logical expressions (2).<br/>      1 skipped: s:P5///<br/>      4 skipped: Shaped variable declarations<br/>      1 skipped: Test(s) not yet written: (**) Truth tables for logical expressions (3).<br/>      1 todo   : making Parcel.reverse return a Parcel seems to break this<br/>      1 skipped: Test(s) not yet written: (**) Generate-and-test paradigm<br/>      1 skipped: Test(s) not yet written: (**) Construct height-balanced binary trees with a given number of nodes<br/>      1 skipped: Test(s) not yet written: (**) Tree construction from a node string<br/>      1 skipped: Test(s) not yet written: (**) Dotstring representation of binary trees<br/>      1 skipped: Test(s) not yet written: (***) Layout a binary tree (3)<br/>      1 skipped: Test(s) not yet written: (**) A string representation of binary trees<br/>      1 skipped: Test(s) not yet written: (**) Preorder and inorder sequences of binary trees<br/>      1 skipped: Test(s) not yet written: (**) Construct a complete binary tree<br/></td><td>     1 skipped: Test(s) not yet written: (*) Truth tables for logical expressions (2).<br/>      1 skipped: s:P5///<br/>      4 skipped: Shaped variable declarations<br/>      1 skipped: Test(s) not yet written: (**) Truth tables for logical expressions (3).<br/>      1 todo   : making Parcel.reverse return a Parcel seems to break this<br/>      1 skipped: Test(s) not yet written: (**) Generate-and-test paradigm<br/>      1 skipped: Test(s) not yet written: (**) Construct height-balanced binary trees with a given number of nodes<br/>      1 skipped: Test(s) not yet written: (**) Tree construction from a node string<br/>      1 skipped: Test(s) not yet written: (**) Dotstring representation of binary trees<br/>      1 skipped: Test(s) not yet written: (***) Layout a binary tree (3)<br/>      1 skipped: Test(s) not yet written: (**) A string representation of binary trees<br/>      1 skipped: Test(s) not yet written: (**) Preorder and inorder sequences of binary trees<br/>      1 skipped: Test(s) not yet written: (**) Construct a complete binary tree<br/></td></tr>
<tr><td>integration/advent2009-day12.t</td><td></td><td>     3 skipped: Importing symbols by name doesn't work in current Rakudo<br/>      1 skipped: Multi subs aren't imported by default in current Rakudo - is this to spec?<br/></td><td>     3 skipped: Importing symbols by name doesn't work in current Rakudo<br/>      1 skipped: Multi subs aren't imported by default in current Rakudo - is this to spec?<br/></td><td>     3 skipped: Importing symbols by name doesn't work in current Rakudo<br/>      1 skipped: Multi subs aren't imported by default in current Rakudo - is this to spec?<br/></td></tr>
<tr><td>integration/advent2009-day18.t</td><td></td><td>     1 skipped: parse error<br/></td><td>     1 skipped: parse error<br/></td><td>     1 skipped: parse error<br/></td></tr>
<tr><td>integration/error-reporting.t</td><td></td><td>     1 todo   : nigh<br/></td><td></td><td></td></tr>
<tr><td>integration/real-strings.t</td><td></td><td>     2 skipped: alas, no visibility of native private attributes yet<br/>      2 skipped: alas, no visibility of private attributes in other role<br/></td><td>     2 skipped: alas, no visibility of native private attributes yet<br/>      2 skipped: alas, no visibility of private attributes in other role<br/></td><td>     2 skipped: alas, no visibility of native private attributes yet<br/>      2 skipped: alas, no visibility of private attributes in other role<br/></td></tr>
<tr><td><h3>S01</h3></td></tr>
<tr><td>S01-perl-5-integration/basic.t</td><td></td><td>    20 skipped: <unknown><br/></td><td>    20 skipped: <unknown><br/></td><td>    20 skipped: <unknown><br/></td></tr>
<tr><td><h3>S10</h3></td></tr>
<tr><td>S10-packages/basic.t</td><td></td><td>     1 skipped: ticket based only on class... RT #60446<br/>      1 skipped: RT #59484<br/>      1 todo   : RT #64606<br/></td><td>     1 skipped: ticket based only on class... RT #60446<br/>      1 skipped: RT #59484<br/>      1 todo   : RT #64606<br/></td><td>     1 skipped: ticket based only on class... RT #60446<br/>      1 skipped: RT #59484<br/>      1 todo   : RT #64606<br/></td></tr>
<tr><td><h3>S11</h3></td></tr>
<tr><td>S11-modules/import-multi.t</td><td></td><td>     2 skipped: Code did not die, can not check exception<br/>      1 skipped: A symbol "&Gfoo" has already been exported<br/>      1 skipped: it just dies, can't check using throws_like<br/>      1 todo   : huh?<br/></td><td>     2 skipped: Code did not die, can not check exception<br/>      1 skipped: A symbol "&Gfoo" has already been exported<br/>      1 skipped: it just dies, can't check using throws_like<br/>      1 todo   : huh?<br/></td><td>     2 skipped: Code did not die, can not check exception<br/>      1 skipped: A symbol "&Gfoo" has already been exported<br/>      1 skipped: it just dies, can't check using throws_like<br/>      1 todo   : huh?<br/></td></tr>
<tr><td>S11-modules/import.t</td><td></td><td>     4 skipped: import plus inline module<br/></td><td>     4 skipped: import plus inline module<br/></td><td>     4 skipped: import plus inline module<br/></td></tr>
<tr><td>S11-modules/require.t</td><td></td><td>     1 skipped: Trying to import from 'InnerModule', but the following symbols are missing: quux<br/>      1 todo   : variable form plus imports NYI<br/></td><td>     1 skipped: Trying to import from 'InnerModule', but the following symbols are missing: quux<br/>      1 todo   : variable form plus imports NYI<br/></td><td>     1 skipped: Trying to import from 'InnerModule', but the following symbols are missing: quux<br/>      1 todo   : variable form plus imports NYI<br/></td></tr>
<tr><td><h3>S17</h3></td></tr>
<tr><td>S17-concurrency/supply.t</td><td></td><td>     1 skipped: hangs<br/></td><td></td><td></td></tr>
<tr><td>S17-concurrency/thread.t</td><td></td><td>     3 skipped: Hangs about 20% of the time<br/></td><td></td><td></td></tr>
<tr><td><h3>S19</h3></td></tr>
<tr><td>S19-command-line/dash-e.t</td><td></td><td>     3 skipped: nigh<br/></td><td></td><td></td></tr>
<tr><td><h3>S26</h3></td></tr>
<tr><td>S26-documentation/why.t</td><td></td><td>     1 skipped: segfault<br/></td><td>     1 skipped: segfault<br/></td><td>     1 skipped: segfault<br/></td></tr>
    </tr>
</table>
</body>
</html>

